This is pdfTeX, Version 3.141592653-2.6-1.40.23 (TeX Live 2022/dev) (preloaded format=pdflatex 2021.7.17)  24 JUL 2021 16:52
entering extended mode
 restricted \write18 enabled.
 %&-line parsing enabled.
**paper.tex
(./paper.tex
LaTeX2e <2021-06-01> patch level 1
L3 programming layer <2021-07-12> (./wlpeerj.cls
Document Class: wlpeerj 18/08/2016, v1.2
(/Users/mladenjovanovic/Library/TinyTeX/texmf-dist/tex/latex/base/inputenc.sty
Package: inputenc 2021/02/14 v1.3d Input encoding file
\inpenc@prehook=\toks16
\inpenc@posthook=\toks17
) (/Users/mladenjovanovic/Library/TinyTeX/texmf-dist/tex/generic/babel/babel.st
y
Package: babel 2021/06/28 3.61 The Babel package
(/Users/mladenjovanovic/Library/TinyTeX/texmf-dist/tex/generic/babel/babel.def
File: babel.def 2021/06/28 3.61 Babel common definitions
\babel@savecnt=\count182
\U@D=\dimen138
\l@unhyphenated=\language5

(/Users/mladenjovanovic/Library/TinyTeX/texmf-dist/tex/generic/babel/txtbabel.d
ef)
\bbl@readstream=\read2
)
\bbl@dirlevel=\count183

(/Users/mladenjovanovic/Library/TinyTeX/texmf-dist/tex/generic/babel-english/en
glish.ldf
Language: english 2017/06/06 v3.3r English support from the babel system
Package babel Info: Hyphen rules for 'british' set to \l@english
(babel)             (\language0). Reported on input line 82.
Package babel Info: Hyphen rules for 'UKenglish' set to \l@english
(babel)             (\language0). Reported on input line 83.
Package babel Info: Hyphen rules for 'canadian' set to \l@english
(babel)             (\language0). Reported on input line 102.
Package babel Info: Hyphen rules for 'australian' set to \l@english
(babel)             (\language0). Reported on input line 105.
Package babel Info: Hyphen rules for 'newzealand' set to \l@english
(babel)             (\language0). Reported on input line 108.
)) (/Users/mladenjovanovic/Library/TinyTeX/texmf-dist/tex/latex/base/ifthen.sty
Package: ifthen 2020/11/24 v1.1c Standard LaTeX ifthen package (DPC)
) (/Users/mladenjovanovic/Library/TinyTeX/texmf-dist/tex/latex/tools/calc.sty
Package: calc 2017/05/25 v4.3 Infix arithmetic (KKT,FJ)
\calc@Acount=\count184
\calc@Bcount=\count185
\calc@Adimen=\dimen139
\calc@Bdimen=\dimen140
\calc@Askip=\skip47
\calc@Bskip=\skip48
LaTeX Info: Redefining \setlength on input line 80.
LaTeX Info: Redefining \addtolength on input line 81.
\calc@Ccount=\count186
\calc@Cskip=\skip49
) (/Users/mladenjovanovic/Library/TinyTeX/texmf-dist/tex/latex/base/article.cls
Document Class: article 2021/02/12 v1.4n Standard LaTeX document class
(/Users/mladenjovanovic/Library/TinyTeX/texmf-dist/tex/latex/base/fleqn.clo
File: fleqn.clo 2016/12/29 v1.2b Standard LaTeX option (flush left equations)
\mathindent=\skip50
Applying: [2015/01/01] Make \[ robust on input line 50.
LaTeX Info: Redefining \[ on input line 51.
Already applied: [0000/00/00] Make \[ robust on input line 62.
Applying: [2015/01/01] Make \] robust on input line 74.
LaTeX Info: Redefining \] on input line 75.
Already applied: [0000/00/00] Make \] robust on input line 83.
) (/Users/mladenjovanovic/Library/TinyTeX/texmf-dist/tex/latex/base/size10.clo
File: size10.clo 2021/02/12 v1.4n Standard LaTeX file (size option)
)
\c@part=\count187
\c@section=\count188
\c@subsection=\count189
\c@subsubsection=\count190
\c@paragraph=\count191
\c@subparagraph=\count192
\c@figure=\count193
\c@table=\count194
\abovecaptionskip=\skip51
\belowcaptionskip=\skip52
\bibindent=\dimen141
) (/Users/mladenjovanovic/Library/TinyTeX/texmf-dist/tex/latex/psnfss/times.sty
Package: times 2020/03/25 PSNFSS-v9.3 (SPQR) 
)
(/Users/mladenjovanovic/Library/TinyTeX/texmf-dist/tex/latex/psnfss/mathptmx.st
y
Package: mathptmx 2020/03/25 PSNFSS-v9.3 Times w/ Math, improved (SPQR, WaS) 
LaTeX Font Info:    Redeclaring symbol font `operators' on input line 28.
LaTeX Font Info:    Overwriting symbol font `operators' in version `normal'
(Font)                  OT1/cmr/m/n --> OT1/ztmcm/m/n on input line 28.
LaTeX Font Info:    Overwriting symbol font `operators' in version `bold'
(Font)                  OT1/cmr/bx/n --> OT1/ztmcm/m/n on input line 28.
LaTeX Font Info:    Redeclaring symbol font `letters' on input line 29.
LaTeX Font Info:    Overwriting symbol font `letters' in version `normal'
(Font)                  OML/cmm/m/it --> OML/ztmcm/m/it on input line 29.
LaTeX Font Info:    Overwriting symbol font `letters' in version `bold'
(Font)                  OML/cmm/b/it --> OML/ztmcm/m/it on input line 29.
LaTeX Font Info:    Redeclaring symbol font `symbols' on input line 30.
LaTeX Font Info:    Overwriting symbol font `symbols' in version `normal'
(Font)                  OMS/cmsy/m/n --> OMS/ztmcm/m/n on input line 30.
LaTeX Font Info:    Overwriting symbol font `symbols' in version `bold'
(Font)                  OMS/cmsy/b/n --> OMS/ztmcm/m/n on input line 30.
LaTeX Font Info:    Redeclaring symbol font `largesymbols' on input line 31.
LaTeX Font Info:    Overwriting symbol font `largesymbols' in version `normal'
(Font)                  OMX/cmex/m/n --> OMX/ztmcm/m/n on input line 31.
LaTeX Font Info:    Overwriting symbol font `largesymbols' in version `bold'
(Font)                  OMX/cmex/m/n --> OMX/ztmcm/m/n on input line 31.
\symbold=\mathgroup4
\symitalic=\mathgroup5
LaTeX Font Info:    Redeclaring math alphabet \mathbf on input line 34.
LaTeX Font Info:    Overwriting math alphabet `\mathbf' in version `normal'
(Font)                  OT1/cmr/bx/n --> OT1/ptm/bx/n on input line 34.
LaTeX Font Info:    Overwriting math alphabet `\mathbf' in version `bold'
(Font)                  OT1/cmr/bx/n --> OT1/ptm/bx/n on input line 34.
LaTeX Font Info:    Redeclaring math alphabet \mathit on input line 35.
LaTeX Font Info:    Overwriting math alphabet `\mathit' in version `normal'
(Font)                  OT1/cmr/m/it --> OT1/ptm/m/it on input line 35.
LaTeX Font Info:    Overwriting math alphabet `\mathit' in version `bold'
(Font)                  OT1/cmr/bx/it --> OT1/ptm/m/it on input line 35.
LaTeX Info: Redefining \hbar on input line 50.
) (/Users/mladenjovanovic/Library/TinyTeX/texmf-dist/tex/latex/lineno/lineno.st
y
Package: lineno 2005/11/02 line numbers on paragraphs v4.41
\linenopenalty=\count195
\output=\toks18
\linenoprevgraf=\count196
\linenumbersep=\dimen142
\linenumberwidth=\dimen143
\c@linenumber=\count197
\c@pagewiselinenumber=\count198
\c@LN@truepage=\count199
\c@internallinenumber=\count266
\c@internallinenumbers=\count267
\quotelinenumbersep=\dimen144
\bframerule=\dimen145
\bframesep=\dimen146
\bframebox=\box50
LaTeX Info: Redefining \\ on input line 3056.
) (/Users/mladenjovanovic/Library/TinyTeX/texmf-dist/tex/generic/iftex/ifpdf.st
y
Package: ifpdf 2019/10/25 v3.4 ifpdf legacy package. Use iftex instead.
(/Users/mladenjovanovic/Library/TinyTeX/texmf-dist/tex/generic/iftex/iftex.sty
Package: iftex 2020/03/06 v1.0d TeX engine tests
))
(/Users/mladenjovanovic/Library/TinyTeX/texmf-dist/tex/latex/amsmath/amsmath.st
y
Package: amsmath 2021/04/20 v2.17j AMS math features
\@mathmargin=\skip53
For additional information on amsmath, use the `?' option.

(/Users/mladenjovanovic/Library/TinyTeX/texmf-dist/tex/latex/amsmath/amstext.st
y
Package: amstext 2000/06/29 v2.01 AMS text

(/Users/mladenjovanovic/Library/TinyTeX/texmf-dist/tex/latex/amsmath/amsgen.sty
File: amsgen.sty 1999/11/30 v2.0 generic functions
\@emptytoks=\toks19
\ex@=\dimen147
))
(/Users/mladenjovanovic/Library/TinyTeX/texmf-dist/tex/latex/amsmath/amsbsy.sty
Package: amsbsy 1999/11/29 v1.2d Bold Symbols
\pmbraise@=\dimen148
)
(/Users/mladenjovanovic/Library/TinyTeX/texmf-dist/tex/latex/amsmath/amsopn.sty
Package: amsopn 2016/03/08 v2.02 operator names
)
\inf@bad=\count268
LaTeX Info: Redefining \frac on input line 234.
\uproot@=\count269
\leftroot@=\count270
LaTeX Info: Redefining \overline on input line 399.
\classnum@=\count271
\DOTSCASE@=\count272
LaTeX Info: Redefining \ldots on input line 496.
LaTeX Info: Redefining \dots on input line 499.
LaTeX Info: Redefining \cdots on input line 620.
\Mathstrutbox@=\box51
\strutbox@=\box52
\big@size=\dimen149
LaTeX Font Info:    Redeclaring font encoding OML on input line 743.
LaTeX Font Info:    Redeclaring font encoding OMS on input line 744.
\macc@depth=\count273
\c@MaxMatrixCols=\count274
\dotsspace@=\muskip16
\c@parentequation=\count275
\dspbrk@lvl=\count276
\tag@help=\toks20
\row@=\count277
\column@=\count278
\maxfields@=\count279
\andhelp@=\toks21
\eqnshift@=\dimen150
\alignsep@=\dimen151
\tagshift@=\dimen152
\tagwidth@=\dimen153
\totwidth@=\dimen154
\lineht@=\dimen155
\@envbody=\toks22
\multlinegap=\skip54
\multlinetaggap=\skip55
\mathdisplay@stack=\toks23
LaTeX Info: Redefining \[ on input line 2923.
LaTeX Info: Redefining \] on input line 2924.
)
(/Users/mladenjovanovic/Library/TinyTeX/texmf-dist/tex/latex/amsfonts/amsfonts.
sty
Package: amsfonts 2013/01/14 v3.01 Basic AMSFonts support
\symAMSa=\mathgroup6
\symAMSb=\mathgroup7
LaTeX Font Info:    Overwriting math alphabet `\mathfrak' in version `bold'
(Font)                  U/euf/m/n --> U/euf/b/n on input line 106.
)
(/Users/mladenjovanovic/Library/TinyTeX/texmf-dist/tex/latex/amsfonts/amssymb.s
ty
Package: amssymb 2013/01/14 v3.01 AMS font symbols
)
(/Users/mladenjovanovic/Library/TinyTeX/texmf-dist/tex/latex/graphics/graphicx.
sty
Package: graphicx 2020/12/05 v1.2c Enhanced LaTeX Graphics (DPC,SPQR)

(/Users/mladenjovanovic/Library/TinyTeX/texmf-dist/tex/latex/graphics/keyval.st
y
Package: keyval 2014/10/28 v1.15 key=value parser (DPC)
\KV@toks@=\toks24
)
(/Users/mladenjovanovic/Library/TinyTeX/texmf-dist/tex/latex/graphics/graphics.
sty
Package: graphics 2021/03/04 v1.4d Standard LaTeX Graphics (DPC,SPQR)
(/Users/mladenjovanovic/Library/TinyTeX/texmf-dist/tex/latex/graphics/trig.sty
Package: trig 2016/01/03 v1.10 sin cos tan (DPC)
)
(/Users/mladenjovanovic/Library/TinyTeX/texmf-dist/tex/latex/graphics-cfg/graph
ics.cfg
File: graphics.cfg 2016/06/04 v1.11 sample graphics configuration
)
Package graphics Info: Driver file: pdftex.def on input line 107.

(/Users/mladenjovanovic/Library/TinyTeX/texmf-dist/tex/latex/graphics-def/pdfte
x.def
File: pdftex.def 2020/10/05 v1.2a Graphics/color driver for pdftex
))
\Gin@req@height=\dimen156
\Gin@req@width=\dimen157
) (/Users/mladenjovanovic/Library/TinyTeX/texmf-dist/tex/latex/xcolor/xcolor.st
y
Package: xcolor 2016/05/11 v2.12 LaTeX color extensions (UK)

(/Users/mladenjovanovic/Library/TinyTeX/texmf-dist/tex/latex/graphics-cfg/color
.cfg
File: color.cfg 2016/01/02 v1.6 sample color configuration
)
Package xcolor Info: Driver file: pdftex.def on input line 225.
Package xcolor Info: Model `cmy' substituted by `cmy0' on input line 1348.
Package xcolor Info: Model `hsb' substituted by `rgb' on input line 1352.
Package xcolor Info: Model `RGB' extended on input line 1364.
Package xcolor Info: Model `HTML' substituted by `rgb' on input line 1366.
Package xcolor Info: Model `Hsb' substituted by `hsb' on input line 1367.
Package xcolor Info: Model `tHsb' substituted by `hsb' on input line 1368.
Package xcolor Info: Model `HSB' substituted by `hsb' on input line 1369.
Package xcolor Info: Model `Gray' substituted by `gray' on input line 1370.
Package xcolor Info: Model `wave' substituted by `hsb' on input line 1371.
)
(/Users/mladenjovanovic/Library/TinyTeX/texmf-dist/tex/latex/booktabs/booktabs.
sty
Package: booktabs 2020/01/12 v1.61803398 Publication quality tables
\heavyrulewidth=\dimen158
\lightrulewidth=\dimen159
\cmidrulewidth=\dimen160
\belowrulesep=\dimen161
\belowbottomsep=\dimen162
\aboverulesep=\dimen163
\abovetopsep=\dimen164
\cmidrulesep=\dimen165
\cmidrulekern=\dimen166
\defaultaddspace=\dimen167
\@cmidla=\count280
\@cmidlb=\count281
\@aboverulesep=\dimen168
\@belowrulesep=\dimen169
\@thisruleclass=\count282
\@lastruleclass=\count283
\@thisrulewidth=\dimen170
)
(/Users/mladenjovanovic/Library/TinyTeX/texmf-dist/tex/latex/preprint/authblk.s
ty
Package: authblk 2001/02/27 1.3 (PWD)
\affilsep=\skip56
\@affilsep=\skip57
\c@Maxaffil=\count284
\c@authors=\count285
\c@affil=\count286
)
(/Users/mladenjovanovic/Library/TinyTeX/texmf-dist/tex/latex/geometry/geometry.
sty
Package: geometry 2020/01/02 v5.9 Page Geometry

(/Users/mladenjovanovic/Library/TinyTeX/texmf-dist/tex/generic/iftex/ifvtex.sty
Package: ifvtex 2019/10/25 v1.7 ifvtex legacy package. Use iftex instead.
)
\Gm@cnth=\count287
\Gm@cntv=\count288
\c@Gm@tempcnt=\count289
\Gm@bindingoffset=\dimen171
\Gm@wd@mp=\dimen172
\Gm@odd@mp=\dimen173
\Gm@even@mp=\dimen174
\Gm@layoutwidth=\dimen175
\Gm@layoutheight=\dimen176
\Gm@layouthoffset=\dimen177
\Gm@layoutvoffset=\dimen178
\Gm@dimlist=\toks25
)
(/Users/mladenjovanovic/Library/TinyTeX/texmf-dist/tex/latex/caption/caption.st
y
Package: caption 2020/10/26 v3.5g Customizing captions (AR)

(/Users/mladenjovanovic/Library/TinyTeX/texmf-dist/tex/latex/caption/caption3.s
ty
Package: caption3 2020/10/21 v2.2e caption3 kernel (AR)
\captionmargin=\dimen179
\captionmargin@=\dimen180
\captionwidth=\dimen181
\caption@tempdima=\dimen182
\caption@indent=\dimen183
\caption@parindent=\dimen184
\caption@hangindent=\dimen185
Package caption Info: Standard document class detected.
)
\c@caption@flags=\count290
\c@continuedfloat=\count291
)
(/Users/mladenjovanovic/Library/TinyTeX/texmf-dist/tex/latex/fancyhdr/fancyhdr.
sty
Package: fancyhdr 2021/01/28 v4.0.1 Extensive control of page headers and foote
rs
\f@nch@headwidth=\skip58
\f@nch@O@elh=\skip59
\f@nch@O@erh=\skip60
\f@nch@O@olh=\skip61
\f@nch@O@orh=\skip62
\f@nch@O@elf=\skip63
\f@nch@O@erf=\skip64
\f@nch@O@olf=\skip65
\f@nch@O@orf=\skip66
)
(/Users/mladenjovanovic/Library/TinyTeX/texmf-dist/tex/latex/lastpage/lastpage.
sty
Package: lastpage 2015/03/29 v1.2m Refers to last page's name (HMM; JPG)
)
(/Users/mladenjovanovic/Library/TinyTeX/texmf-dist/tex/latex/titlesec/titlesec.
sty
Package: titlesec 2021/07/05 v2.14 Sectioning titles
\ttl@box=\box53
\beforetitleunit=\skip67
\aftertitleunit=\skip68
\ttl@plus=\dimen186
\ttl@minus=\dimen187
\ttl@toksa=\toks26
\titlewidth=\dimen188
\titlewidthlast=\dimen189
\titlewidthfirst=\dimen190
)
(/Users/mladenjovanovic/Library/TinyTeX/texmf-dist/tex/latex/titlesec/titletoc.
sty
Package: titletoc 2021/07/05 v2.14 TOC entries
\ttl@leftsep=\dimen191
)
(/Users/mladenjovanovic/Library/TinyTeX/texmf-dist/tex/latex/enumitem/enumitem.
sty
Package: enumitem 2019/06/20 v3.9 Customized lists
\labelindent=\skip69
\enit@outerparindent=\dimen192
\enit@toks=\toks27
\enit@inbox=\box54
\enit@count@id=\count292
\enitdp@description=\count293
)
\tocsep=\skip70
(/Users/mladenjovanovic/Library/TinyTeX/texmf-dist/tex/latex/lipsum/lipsum.sty
(/Users/mladenjovanovic/Library/TinyTeX/texmf-dist/tex/latex/l3kernel/expl3.sty
Package: expl3 2021-07-12 L3 programming layer (loader) 

(/Users/mladenjovanovic/Library/TinyTeX/texmf-dist/tex/latex/l3backend/l3backen
d-pdftex.def
File: l3backend-pdftex.def 2021-07-12 L3 backend support: PDF output (pdfTeX)
\l__color_backend_stack_int=\count294
\l__pdf_internal_box=\box55
))
(/Users/mladenjovanovic/Library/TinyTeX/texmf-dist/tex/latex/l3packages/xparse/
xparse.sty
Package: xparse 2021-06-18 L3 Experimental document command parser
)
Package: lipsum 2021-03-03 v2.3 150 paragraphs of Lorem Ipsum dummy text

(/Users/mladenjovanovic/Library/TinyTeX/texmf-dist/tex/latex/lipsum/lipsum.ltd.
tex
File: lipsum.ltd.tex 2021-03-03 v2.3 The Lorem ipsum dummy text
)))
(/Users/mladenjovanovic/Library/TinyTeX/texmf-dist/tex/latex/microtype/microtyp
e.sty
Package: microtype 2021/03/14 v2.8c Micro-typographical refinements (RS)
\MT@toks=\toks28
\MT@count=\count295
LaTeX Info: Redefining \textls on input line 790.
\MT@outer@kern=\dimen193
LaTeX Info: Redefining \textmicrotypecontext on input line 1374.
\MT@listname@count=\count296

(/Users/mladenjovanovic/Library/TinyTeX/texmf-dist/tex/latex/microtype/microtyp
e-pdftex.def
File: microtype-pdftex.def 2021/03/14 v2.8c Definitions specific to pdftex (RS)

LaTeX Info: Redefining \lsstyle on input line 915.
LaTeX Info: Redefining \lslig on input line 915.
\MT@outer@space=\skip71
)
Package microtype Info: Loading configuration file microtype.cfg.

(/Users/mladenjovanovic/Library/TinyTeX/texmf-dist/tex/latex/microtype/microtyp
e.cfg
File: microtype.cfg 2021/03/14 v2.8c microtype main configuration file (RS)
))
(/Users/mladenjovanovic/Library/TinyTeX/texmf-dist/tex/latex/hyperref/hyperref.
sty
Package: hyperref 2021-06-07 v7.00m Hypertext links for LaTeX

(/Users/mladenjovanovic/Library/TinyTeX/texmf-dist/tex/generic/ltxcmds/ltxcmds.
sty
Package: ltxcmds 2020-05-10 v1.25 LaTeX kernel commands for general use (HO)
)
(/Users/mladenjovanovic/Library/TinyTeX/texmf-dist/tex/generic/pdftexcmds/pdfte
xcmds.sty
Package: pdftexcmds 2020-06-27 v0.33 Utility functions of pdfTeX for LuaTeX (HO
)

(/Users/mladenjovanovic/Library/TinyTeX/texmf-dist/tex/generic/infwarerr/infwar
err.sty
Package: infwarerr 2019/12/03 v1.5 Providing info/warning/error messages (HO)
)
Package pdftexcmds Info: \pdf@primitive is available.
Package pdftexcmds Info: \pdf@ifprimitive is available.
Package pdftexcmds Info: \pdfdraftmode found.
)
(/Users/mladenjovanovic/Library/TinyTeX/texmf-dist/tex/generic/kvsetkeys/kvsetk
eys.sty
Package: kvsetkeys 2019/12/15 v1.18 Key value parser (HO)
)
(/Users/mladenjovanovic/Library/TinyTeX/texmf-dist/tex/generic/kvdefinekeys/kvd
efinekeys.sty
Package: kvdefinekeys 2019-12-19 v1.6 Define keys (HO)
)
(/Users/mladenjovanovic/Library/TinyTeX/texmf-dist/tex/generic/pdfescape/pdfesc
ape.sty
Package: pdfescape 2019/12/09 v1.15 Implements pdfTeX's escape features (HO)
)
(/Users/mladenjovanovic/Library/TinyTeX/texmf-dist/tex/latex/hycolor/hycolor.st
y
Package: hycolor 2020-01-27 v1.10 Color options for hyperref/bookmark (HO)
)
(/Users/mladenjovanovic/Library/TinyTeX/texmf-dist/tex/latex/letltxmacro/letltx
macro.sty
Package: letltxmacro 2019/12/03 v1.6 Let assignment for LaTeX macros (HO)
)
(/Users/mladenjovanovic/Library/TinyTeX/texmf-dist/tex/latex/auxhook/auxhook.st
y
Package: auxhook 2019-12-17 v1.6 Hooks for auxiliary files (HO)
)
(/Users/mladenjovanovic/Library/TinyTeX/texmf-dist/tex/latex/kvoptions/kvoption
s.sty
Package: kvoptions 2020-10-07 v3.14 Key value format for package options (HO)
)
\@linkdim=\dimen194
\Hy@linkcounter=\count297
\Hy@pagecounter=\count298

(/Users/mladenjovanovic/Library/TinyTeX/texmf-dist/tex/latex/hyperref/pd1enc.de
f
File: pd1enc.def 2021-06-07 v7.00m Hyperref: PDFDocEncoding definition (HO)
Now handling font encoding PD1 ...
... no UTF-8 mapping file for font encoding PD1
)
(/Users/mladenjovanovic/Library/TinyTeX/texmf-dist/tex/latex/hyperref/hyperref-
langpatches.def
File: hyperref-langpatches.def 2021-06-07 v7.00m Hyperref: patches for babel la
nguages
)
(/Users/mladenjovanovic/Library/TinyTeX/texmf-dist/tex/generic/intcalc/intcalc.
sty
Package: intcalc 2019/12/15 v1.3 Expandable calculations with integers (HO)
)
(/Users/mladenjovanovic/Library/TinyTeX/texmf-dist/tex/generic/etexcmds/etexcmd
s.sty
Package: etexcmds 2019/12/15 v1.7 Avoid name clashes with e-TeX commands (HO)
)
\Hy@SavedSpaceFactor=\count299

(/Users/mladenjovanovic/Library/TinyTeX/texmf-dist/tex/latex/hyperref/puenc.def
File: puenc.def 2021-06-07 v7.00m Hyperref: PDF Unicode definition (HO)
Now handling font encoding PU ...
... no UTF-8 mapping file for font encoding PU
)
Package hyperref Info: Option `unicode' set `true' on input line 4073.
Package hyperref Info: Hyper figures OFF on input line 4192.
Package hyperref Info: Link nesting OFF on input line 4197.
Package hyperref Info: Hyper index ON on input line 4200.
Package hyperref Info: Plain pages OFF on input line 4207.
Package hyperref Info: Backreferencing OFF on input line 4212.
Package hyperref Info: Implicit mode ON; LaTeX internals redefined.
Package hyperref Info: Bookmarks ON on input line 4445.
\c@Hy@tempcnt=\count300
(/Users/mladenjovanovic/Library/TinyTeX/texmf-dist/tex/latex/url/url.sty
\Urlmuskip=\muskip17
Package: url 2013/09/16  ver 3.4  Verb mode for urls, etc.
)
LaTeX Info: Redefining \url on input line 4804.
\XeTeXLinkMargin=\dimen195

(/Users/mladenjovanovic/Library/TinyTeX/texmf-dist/tex/generic/bitset/bitset.st
y
Package: bitset 2019/12/09 v1.3 Handle bit-vector datatype (HO)

(/Users/mladenjovanovic/Library/TinyTeX/texmf-dist/tex/generic/bigintcalc/bigin
tcalc.sty
Package: bigintcalc 2019/12/15 v1.5 Expandable calculations on big integers (HO
)
))
\Fld@menulength=\count301
\Field@Width=\dimen196
\Fld@charsize=\dimen197
Package hyperref Info: Hyper figures OFF on input line 6076.
Package hyperref Info: Link nesting OFF on input line 6081.
Package hyperref Info: Hyper index ON on input line 6084.
Package hyperref Info: backreferencing OFF on input line 6091.
Package hyperref Info: Link coloring OFF on input line 6096.
Package hyperref Info: Link coloring with OCG OFF on input line 6101.
Package hyperref Info: PDF/A mode OFF on input line 6106.
LaTeX Info: Redefining \ref on input line 6146.
LaTeX Info: Redefining \pageref on input line 6150.

(/Users/mladenjovanovic/Library/TinyTeX/texmf-dist/tex/latex/base/atbegshi-ltx.
sty
Package: atbegshi-ltx 2021/01/10 v1.0c Emulation of the original atbegshi
package with kernel methods
)
\Hy@abspage=\count302
\c@Item=\count303
\c@Hfootnote=\count304
)
Package hyperref Info: Driver (autodetected): hpdftex.

(/Users/mladenjovanovic/Library/TinyTeX/texmf-dist/tex/latex/hyperref/hpdftex.d
ef
File: hpdftex.def 2021-06-07 v7.00m Hyperref driver for pdfTeX

(/Users/mladenjovanovic/Library/TinyTeX/texmf-dist/tex/latex/base/atveryend-ltx
.sty
Package: atveryend-ltx 2020/08/19 v1.0a Emulation of the original atvery packag
e
with kernel methods
)
\Fld@listcount=\count305
\c@bookmark@seq@number=\count306

(/Users/mladenjovanovic/Library/TinyTeX/texmf-dist/tex/latex/rerunfilecheck/rer
unfilecheck.sty
Package: rerunfilecheck 2019/12/05 v1.9 Rerun checks for auxiliary files (HO)

(/Users/mladenjovanovic/Library/TinyTeX/texmf-dist/tex/generic/uniquecounter/un
iquecounter.sty
Package: uniquecounter 2019/12/15 v1.4 Provide unlimited unique counter (HO)
)
Package uniquecounter Info: New unique counter `rerunfilecheck' on input line 2
86.
)
\Hy@SectionHShift=\skip72
)
(/Users/mladenjovanovic/Library/TinyTeX/texmf-dist/tex/latex/tools/longtable.st
y
Package: longtable 2021-05-07 v4.16 Multi-page Table package (DPC)
\LTleft=\skip73
\LTright=\skip74
\LTpre=\skip75
\LTpost=\skip76
\LTchunksize=\count307
\LTcapwidth=\dimen198
\LT@head=\box56
\LT@firsthead=\box57
\LT@foot=\box58
\LT@lastfoot=\box59
\LT@gbox=\box60
\LT@cols=\count308
\LT@rows=\count309
\c@LT@tables=\count310
\c@LT@chunks=\count311
\LT@p@ftn=\toks29
)
(/Users/mladenjovanovic/Library/TinyTeX/texmf-dist/tex/latex/fancyvrb/fancyvrb.
sty
Package: fancyvrb 2021/01/20 v3.7 verbatim text (tvz,hv)
\FV@CodeLineNo=\count312
\FV@InFile=\read3
\FV@TabBox=\box61
\c@FancyVerbLine=\count313
\FV@StepNumber=\count314
\FV@OutFile=\write3
) (/Users/mladenjovanovic/Library/TinyTeX/texmf-dist/tex/latex/framed/framed.st
y
Package: framed 2011/10/22 v 0.96: framed or shaded text with page breaks
\OuterFrameSep=\skip77
\fb@frw=\dimen199
\fb@frh=\dimen256
\FrameRule=\dimen257
\FrameSep=\dimen258
)
\csllabelwidth=\skip78
\cslhangindent=\skip79

(/Users/mladenjovanovic/Library/TinyTeX/texmf-dist/tex/latex/hyphenat/hyphenat.
sty
Package: hyphenat 2009/09/02 v2.3c hyphenation utilities

Package hyphenat Warning: *******************************
(hyphenat)                * You have used the htt option.
(hyphenat)                * You are likely to get many Font Warning messages.
(hyphenat)                * These can usually be ignored.
(hyphenat)                *******************************.

\langwohyphens=\language6
LaTeX Info: Redefining \_ on input line 43.
) (/Users/mladenjovanovic/Library/TinyTeX/texmf-dist/tex/latex/base/flafter.sty
Package: flafter 2018/11/28 v1.4d Standard LaTeX floats after reference (FMi)
Applying: [2015/01/01] float order in 2-column on input line 49.
Already applied: [0000/00/00] float order in 2-column on input line 151.
) (/Users/mladenjovanovic/Library/TinyTeX/texmf-dist/tex/latex/tools/array.sty
Package: array 2021/04/20 v2.5e Tabular extension package (FMi)
\col@sep=\dimen259
\ar@mcellbox=\box62
\extrarowheight=\dimen260
\NC@list=\toks30
\extratabsurround=\skip80
\backup@length=\skip81
\ar@cellbox=\box63
)
(/Users/mladenjovanovic/Library/TinyTeX/texmf-dist/tex/latex/multirow/multirow.
sty
Package: multirow 2021/03/15 v2.8 Span multiple rows of a table
\multirow@colwidth=\skip82
\multirow@cntb=\count315
\multirow@dima=\skip83
\bigstrutjot=\dimen261
)
(/Users/mladenjovanovic/Library/TinyTeX/texmf-dist/tex/latex/wrapfig/wrapfig.st
y
\wrapoverhang=\dimen262
\WF@size=\dimen263
\c@WF@wrappedlines=\count316
\WF@box=\box64
\WF@everypar=\toks31
Package: wrapfig 2003/01/31  v 3.6
) (/Users/mladenjovanovic/Library/TinyTeX/texmf-dist/tex/latex/float/float.sty
Package: float 2001/11/08 v1.3d Float enhancements (AL)
\c@float@type=\count317
\float@exts=\toks32
\float@box=\box65
\@float@everytoks=\toks33
\@floatcapt=\box66
)
(/Users/mladenjovanovic/Library/TinyTeX/texmf-dist/tex/latex/colortbl/colortbl.
sty
Package: colortbl 2020/01/04 v1.0e Color table columns (DPC)
\everycr=\toks34
\minrowclearance=\skip84
)
(/Users/mladenjovanovic/Library/TinyTeX/texmf-dist/tex/latex/pdflscape/pdflscap
e.sty
Package: pdflscape 2019/12/05 v0.12 Display of landscape pages in PDF (HO)

(/Users/mladenjovanovic/Library/TinyTeX/texmf-dist/tex/latex/graphics/lscape.st
y
Package: lscape 2020/05/28 v3.02 Landscape Pages (DPC)
)
Package pdflscape Info: Auto-detected driver: pdftex on input line 81.
) (/Users/mladenjovanovic/Library/TinyTeX/texmf-dist/tex/latex/tabu/tabu.sty
Package: tabu 2019/01/11 v2.9 - flexible LaTeX tabulars (FC+tabu-fixed)

(/Users/mladenjovanovic/Library/TinyTeX/texmf-dist/tex/latex/varwidth/varwidth.
sty
Package: varwidth 2009/03/30 ver 0.92;  Variable-width minipages
\@vwid@box=\box67
\sift@deathcycles=\count318
\@vwid@loff=\dimen264
\@vwid@roff=\dimen265
)
\c@taburow=\count319
\tabu@nbcols=\count320
\tabu@cnt=\count321
\tabu@Xcol=\count322
\tabu@alloc=\count323
\tabu@nested=\count324
\tabu@target=\dimen266
\tabu@spreadtarget=\dimen267
\tabu@naturalX=\dimen268
\tabucolX=\dimen269
\tabu@Xsum=\dimen270
\extrarowdepth=\dimen271
\abovetabulinesep=\dimen272
\belowtabulinesep=\dimen273
\tabustrutrule=\dimen274
\tabu@thebody=\toks35
\tabu@footnotes=\toks36
\tabu@box=\box68
\tabu@arstrutbox=\box69
\tabu@hleads=\box70
\tabu@vleads=\box71
\tabu@cellskip=\skip85
)
(/Users/mladenjovanovic/Library/TinyTeX/texmf-dist/tex/latex/threeparttable/thr
eeparttable.sty
Package: threeparttable 2003/06/13  v 3.0
\@tempboxb=\box72
)
(/Users/mladenjovanovic/Library/TinyTeX/texmf-dist/tex/latex/threeparttablex/th
reeparttablex.sty
Package: threeparttablex 2013/07/23 v0.3 by daleif

(/Users/mladenjovanovic/Library/TinyTeX/texmf-dist/tex/latex/environ/environ.st
y
Package: environ 2014/05/04 v0.3 A new way to define environments

(/Users/mladenjovanovic/Library/TinyTeX/texmf-dist/tex/latex/trimspaces/trimspa
ces.sty
Package: trimspaces 2009/09/17 v1.1 Trim spaces around a token list
))
\TPTL@width=\skip86
) (/Users/mladenjovanovic/Library/TinyTeX/texmf-dist/tex/generic/ulem/ulem.sty
\UL@box=\box73
\UL@hyphenbox=\box74
\UL@skip=\skip87
\UL@hook=\toks37
\UL@height=\dimen275
\UL@pe=\count325
\UL@pixel=\dimen276
\ULC@box=\box75
Package: ulem 2019/11/18
\ULdepth=\dimen277
)
(/Users/mladenjovanovic/Library/TinyTeX/texmf-dist/tex/latex/makecell/makecell.
sty
Package: makecell 2009/08/03 V0.1e Managing of Tab Column Heads and Cells
\rotheadsize=\dimen278
\c@nlinenum=\count326
\TeXr@lab=\toks38
)
LaTeX Font Info:    Trying to load font information for OT1+ptm on input line 1
38.
(/Users/mladenjovanovic/Library/TinyTeX/texmf-dist/tex/latex/psnfss/ot1ptm.fd
File: ot1ptm.fd 2001/06/04 font definitions for OT1/ptm.
) (./paper.aux)
\openout1 = `paper.aux'.

LaTeX Font Info:    Checking defaults for OML/cmm/m/it on input line 138.
LaTeX Font Info:    ... okay on input line 138.
LaTeX Font Info:    Checking defaults for OMS/cmsy/m/n on input line 138.
LaTeX Font Info:    ... okay on input line 138.
LaTeX Font Info:    Checking defaults for OT1/cmr/m/n on input line 138.
LaTeX Font Info:    ... okay on input line 138.
LaTeX Font Info:    Checking defaults for T1/cmr/m/n on input line 138.
LaTeX Font Info:    ... okay on input line 138.
LaTeX Font Info:    Checking defaults for TS1/cmr/m/n on input line 138.
LaTeX Font Info:    ... okay on input line 138.
LaTeX Font Info:    Checking defaults for OMX/cmex/m/n on input line 138.
LaTeX Font Info:    ... okay on input line 138.
LaTeX Font Info:    Checking defaults for U/cmr/m/n on input line 138.
LaTeX Font Info:    ... okay on input line 138.
LaTeX Font Info:    Checking defaults for PD1/pdf/m/n on input line 138.
LaTeX Font Info:    ... okay on input line 138.
LaTeX Font Info:    Checking defaults for PU/pdf/m/n on input line 138.
LaTeX Font Info:    ... okay on input line 138.

(/Users/mladenjovanovic/Library/TinyTeX/texmf-dist/tex/context/base/mkii/supp-p
df.mkii
[Loading MPS to PDF converter (version 2006.09.02).]
\scratchcounter=\count327
\scratchdimen=\dimen279
\scratchbox=\box76
\nofMPsegments=\count328
\nofMParguments=\count329
\everyMPshowfont=\toks39
\MPscratchCnt=\count330
\MPscratchDim=\dimen280
\MPnumerator=\count331
\makeMPintoPDFobject=\count332
\everyMPtoPDFconversion=\toks40
)
(/Users/mladenjovanovic/Library/TinyTeX/texmf-dist/tex/latex/epstopdf-pkg/epsto
pdf-base.sty
Package: epstopdf-base 2020-01-24 v2.11 Base part for package epstopdf
Package epstopdf-base Info: Redefining graphics rule for `.eps' on input line 4
85.

(/Users/mladenjovanovic/Library/TinyTeX/texmf-dist/tex/latex/latexconfig/epstop
df-sys.cfg
File: epstopdf-sys.cfg 2010/07/13 v1.3 Configuration of (r)epstopdf for TeX Liv
e
))
*geometry* driver: auto-detecting
*geometry* detected driver: pdftex
*geometry* verbose mode - [ preamble ] result:
* driver: pdftex
* paper: letterpaper
* layout: <same size as paper>
* layoutoffset:(h,v)=(0.0pt,0.0pt)
* modes: 
* h-part:(L,W,R)=(142.26378pt, 415.12572pt, 56.9055pt)
* v-part:(T,H,B)=(64.01869pt, 666.9326pt, 64.01869pt)
* \paperwidth=614.295pt
* \paperheight=794.96999pt
* \textwidth=415.12572pt
* \textheight=666.9326pt
* \oddsidemargin=69.99379pt
* \evensidemargin=69.99379pt
* \topmargin=-45.2513pt
* \headheight=12.0pt
* \headsep=25.0pt
* \topskip=10.0pt
* \footskip=30.0pt
* \marginparwidth=65.0pt
* \marginparsep=11.0pt
* \columnsep=15.6491pt
* \skip\footins=9.0pt plus 4.0pt minus 2.0pt
* \hoffset=0.0pt
* \voffset=0.0pt
* \mag=1000
* \@twocolumnfalse
* \@twosidefalse
* \@mparswitchfalse
* \@reversemarginfalse
* (1in=72.27pt=25.4mm, 1cm=28.453pt)

Package caption Info: Begin \AtBeginDocument code.
Package caption Info: float package is loaded.
Package caption Info: hyperref package is loaded.
Package caption Info: longtable package is loaded.

(/Users/mladenjovanovic/Library/TinyTeX/texmf-dist/tex/latex/caption/ltcaption.
sty
Package: ltcaption 2020/05/30 v1.4b longtable captions (AR)
)
Package caption Info: threeparttable package is loaded.
Package caption Info: wrapfig package is loaded.
Package caption Info: End \AtBeginDocument code.
Package lastpage Info: Please have a look at the pageslts package at
(lastpage)             https://www.ctan.org/pkg/pageslts
(lastpage)             ! on input line 138.
LaTeX Info: Redefining \microtypecontext on input line 138.
Package microtype Info: Generating PDF output.
Package microtype Info: Character protrusion enabled (level 2).
Package microtype Info: Using default protrusion set `alltext'.
Package microtype Info: Automatic font expansion enabled (level 2),
(microtype)             stretch: 20, shrink: 20, step: 1, non-selected.
Package microtype Info: Using default expansion set `alltext-nott'.
LaTeX Info: Redefining \showhyphens on input line 138.
Package microtype Info: No adjustment of tracking.
Package microtype Info: No adjustment of interword spacing.
Package microtype Info: No adjustment of character kerning.

(/Users/mladenjovanovic/Library/TinyTeX/texmf-dist/tex/latex/microtype/mt-ptm.c
fg
File: mt-ptm.cfg 2006/04/20 v1.7 microtype config. file: Times (RS)
)
Package hyperref Info: Link coloring OFF on input line 138.

(/Users/mladenjovanovic/Library/TinyTeX/texmf-dist/tex/latex/hyperref/nameref.s
ty
Package: nameref 2021-04-02 v2.47 Cross-referencing by name of section

(/Users/mladenjovanovic/Library/TinyTeX/texmf-dist/tex/latex/refcount/refcount.
sty
Package: refcount 2019/12/15 v3.6 Data extraction from label references (HO)
)
(/Users/mladenjovanovic/Library/TinyTeX/texmf-dist/tex/generic/gettitlestring/g
ettitlestring.sty
Package: gettitlestring 2019/12/15 v1.6 Cleanup title references (HO)
)
\c@section@level=\count333
)
LaTeX Info: Redefining \ref on input line 138.
LaTeX Info: Redefining \pageref on input line 138.
LaTeX Info: Redefining \nameref on input line 138.
(./paper.out) (./paper.out)
\@outlinefile=\write4
\openout4 = `paper.out'.

LaTeX Font Info:    Trying to load font information for OT1+pcr on input line 1
38.
(/Users/mladenjovanovic/Library/TinyTeX/texmf-dist/tex/latex/psnfss/ot1pcr.fd
File: ot1pcr.fd 2001/06/04 font definitions for OT1/pcr.
)
Package microtype Info: Loading generic protrusion settings for font family
(microtype)             `pcr' (encoding: OT1).
(microtype)             For optimal results, create family-specific settings.
(microtype)             See the microtype manual for details.
LaTeX Font Info:    Font shape `OT1/pcr/m/it' in size <10> not available
(Font)              Font shape `OT1/pcr/m/sl' tried instead on input line 138.

LaTeX Font Warning: Font shape `OT1/pcr/m/scsl' undefined
(Font)              using `OT1/pcr/m/sc' instead on input line 138.

LaTeX Font Info:    Font shape `OT1/pcr/b/it' in size <10> not available
(Font)              Font shape `OT1/pcr/b/sl' tried instead on input line 138.

LaTeX Font Warning: Font shape `OT1/pcr/b/scsl' undefined
(Font)              using `OT1/pcr/b/sc' instead on input line 138.

LaTeX Font Info:    Font shape `OT1/pcr/bx/n' in size <10> not available
(Font)              Font shape `OT1/pcr/b/n' tried instead on input line 138.
LaTeX Font Info:    Font shape `OT1/pcr/bx/it' in size <10> not available
(Font)              Font shape `OT1/pcr/b/it' tried instead on input line 138.
LaTeX Font Info:    Font shape `OT1/pcr/b/it' in size <10> not available
(Font)              Font shape `OT1/pcr/b/sl' tried instead on input line 138.
LaTeX Font Info:    Font shape `OT1/pcr/bx/sl' in size <10> not available
(Font)              Font shape `OT1/pcr/b/sl' tried instead on input line 138.

LaTeX Font Warning: Font shape `OT1/pcr/bx/scsl' undefined
(Font)              using `OT1/pcr/bx/sc' instead on input line 138.

LaTeX Font Info:    Font shape `OT1/pcr/bx/sc' in size <10> not available
(Font)              Font shape `OT1/pcr/b/sc' tried instead on input line 138.

LaTeX Font Warning: Font shape `OT1/pcr/sbx/sc' undefined
(Font)              using `OT1/pcr/sb/sc' instead on input line 138.


LaTeX Font Warning: Font shape `OT1/pcr/sb/n' undefined
(Font)              using `OT1/pcr/m/n' instead on input line 138.


LaTeX Font Warning: Font shape `OT1/pcr/sb/it' undefined
(Font)              using `OT1/pcr/sb/n' instead on input line 138.


LaTeX Font Warning: Font shape `OT1/pcr/sb/sl' undefined
(Font)              using `OT1/pcr/sb/it' instead on input line 138.


LaTeX Font Warning: Font shape `OT1/pcr/sb/scit' undefined
(Font)              using `OT1/pcr/sb/sc' instead on input line 138.


LaTeX Font Warning: Font shape `OT1/pcr/sb/sc' undefined
(Font)              using `OT1/pcr/sb/n' instead on input line 138.


LaTeX Font Warning: Font shape `OT1/pcr/sbc/sc' undefined
(Font)              using `OT1/pcr/c/sc' instead on input line 138.


LaTeX Font Warning: Font shape `OT1/pcr/c/n' undefined
(Font)              using `OT1/pcr/m/n' instead on input line 138.


LaTeX Font Warning: Font shape `OT1/pcr/c/it' undefined
(Font)              using `OT1/pcr/c/n' instead on input line 138.


LaTeX Font Warning: Font shape `OT1/pcr/c/sl' undefined
(Font)              using `OT1/pcr/c/it' instead on input line 138.


LaTeX Font Warning: Font shape `OT1/pcr/c/scit' undefined
(Font)              using `OT1/pcr/c/sc' instead on input line 138.


LaTeX Font Warning: Font shape `OT1/pcr/c/sc' undefined
(Font)              using `OT1/pcr/c/n' instead on input line 138.


LaTeX Font Warning: Font shape `OT1/pcr/lc/sc' undefined
(Font)              using `OT1/pcr/l/sc' instead on input line 138.


LaTeX Font Warning: Font shape `OT1/pcr/l/n' undefined
(Font)              using `OT1/pcr/m/n' instead on input line 138.


LaTeX Font Warning: Font shape `OT1/pcr/l/it' undefined
(Font)              using `OT1/pcr/l/n' instead on input line 138.


LaTeX Font Warning: Font shape `OT1/pcr/l/sl' undefined
(Font)              using `OT1/pcr/l/it' instead on input line 138.


LaTeX Font Warning: Font shape `OT1/pcr/l/scit' undefined
(Font)              using `OT1/pcr/l/sc' instead on input line 138.


LaTeX Font Warning: Font shape `OT1/pcr/l/sc' undefined
(Font)              using `OT1/pcr/l/n' instead on input line 138.

LaTeX Font Info:    Font shape `OT1/pcr/m/ui' in size <10> not available
(Font)              Font shape `OT1/pcr/m/it' tried instead on input line 138.
LaTeX Font Info:    Font shape `OT1/pcr/m/it' in size <10> not available
(Font)              Font shape `OT1/pcr/m/sl' tried instead on input line 138.
LaTeX Font Info:    Font shape `OT1/pcr/bx/ui' in size <10> not available
(Font)              Font shape `OT1/pcr/b/it' tried instead on input line 138.
LaTeX Font Info:    Font shape `OT1/pcr/b/it' in size <10> not available
(Font)              Font shape `OT1/pcr/b/sl' tried instead on input line 138.

LaTeX Font Warning: Font shape `OT1/pcr/m/In' undefined
(Font)              using `OT1/pcr/m/n' instead on input line 138.

LaTeX Font Info:    Trying to load font information for OT1+phv on input line 1
42.
(/Users/mladenjovanovic/Library/TinyTeX/texmf-dist/tex/latex/psnfss/ot1phv.fd
File: ot1phv.fd 2020/03/25 scalable font definitions for OT1/phv.
)
Package microtype Info: Loading generic protrusion settings for font family
(microtype)             `phv' (encoding: OT1).
(microtype)             For optimal results, create family-specific settings.
(microtype)             See the microtype manual for details.
LaTeX Font Info:    Trying to load font information for OT1+ztmcm on input line
 142.

(/Users/mladenjovanovic/Library/TinyTeX/texmf-dist/tex/latex/psnfss/ot1ztmcm.fd
File: ot1ztmcm.fd 2000/01/03 Fontinst v1.801 font definitions for OT1/ztmcm.
)
Package microtype Info: Loading generic protrusion settings for font family
(microtype)             `ztmcm' (encoding: OT1).
(microtype)             For optimal results, create family-specific settings.
(microtype)             See the microtype manual for details.
LaTeX Font Info:    Trying to load font information for OML+ztmcm on input line
 142.

(/Users/mladenjovanovic/Library/TinyTeX/texmf-dist/tex/latex/psnfss/omlztmcm.fd
File: omlztmcm.fd 2000/01/03 Fontinst v1.801 font definitions for OML/ztmcm.
)
LaTeX Font Info:    Trying to load font information for OMS+ztmcm on input line
 142.

(/Users/mladenjovanovic/Library/TinyTeX/texmf-dist/tex/latex/psnfss/omsztmcm.fd
File: omsztmcm.fd 2000/01/03 Fontinst v1.801 font definitions for OMS/ztmcm.
)
LaTeX Font Info:    Trying to load font information for OMX+ztmcm on input line
 142.

(/Users/mladenjovanovic/Library/TinyTeX/texmf-dist/tex/latex/psnfss/omxztmcm.fd
File: omxztmcm.fd 2000/01/03 Fontinst v1.801 font definitions for OMX/ztmcm.
)
LaTeX Font Info:    Font shape `OT1/ptm/bx/n' in size <12> not available
(Font)              Font shape `OT1/ptm/b/n' tried instead on input line 142.
LaTeX Font Info:    Font shape `OT1/ptm/bx/n' in size <9> not available
(Font)              Font shape `OT1/ptm/b/n' tried instead on input line 142.
LaTeX Font Info:    Font shape `OT1/ptm/bx/n' in size <7> not available
(Font)              Font shape `OT1/ptm/b/n' tried instead on input line 142.

(/Users/mladenjovanovic/Library/TinyTeX/texmf-dist/tex/latex/microtype/mt-msa.c
fg
File: mt-msa.cfg 2006/02/04 v1.1 microtype config. file: AMS symbols (a) (RS)
)
(/Users/mladenjovanovic/Library/TinyTeX/texmf-dist/tex/latex/microtype/mt-msb.c
fg
File: mt-msb.cfg 2005/06/01 v1.0 microtype config. file: AMS symbols (b) (RS)
)
LaTeX Font Info:    Font shape `OT1/ptm/bx/n' in size <10> not available
(Font)              Font shape `OT1/ptm/b/n' tried instead on input line 142.
LaTeX Font Info:    Font shape `OT1/ptm/bx/n' in size <7.4> not available
(Font)              Font shape `OT1/ptm/b/n' tried instead on input line 142.
LaTeX Font Info:    Font shape `OT1/ptm/bx/n' in size <6> not available
(Font)              Font shape `OT1/ptm/b/n' tried instead on input line 142.
LaTeX Font Info:    Trying to load font information for OML+ptm on input line 1
47.
(/Users/mladenjovanovic/Library/TinyTeX/texmf-dist/tex/latex/psnfss/omlptm.fd
File: omlptm.fd 
)
LaTeX Font Info:    Font shape `OML/ptm/m/n' in size <10> not available
(Font)              Font shape `OML/cmm/m/it' tried instead on input line 147.
[1

{/Users/mladenjovanovic/Library/TinyTeX/texmf-var/fonts/map/pdftex/updmap/pdfte
x.map}]
<paper_files/figure-latex/four-athletes-kinematics-1.pdf, id=156, 361.35pt x 22
2.8325pt>
File: paper_files/figure-latex/four-athletes-kinematics-1.pdf Graphic file (typ
e pdf)
<use paper_files/figure-latex/four-athletes-kinematics-1.pdf>
Package pdftex.def Info: paper_files/figure-latex/four-athletes-kinematics-1.pd
f  used on input line 212.
(pdftex.def)             Requested size: 373.61061pt x 230.39388pt.
<paper_files/figure-latex/four-athletes-profile-1.pdf, id=160, 361.35pt x 222.8
325pt>
File: paper_files/figure-latex/four-athletes-profile-1.pdf Graphic file (type p
df)
<use paper_files/figure-latex/four-athletes-profile-1.pdf>
Package pdftex.def Info: paper_files/figure-latex/four-athletes-profile-1.pdf  
used on input line 227.
(pdftex.def)             Requested size: 373.61061pt x 230.39388pt.
[2] [3 <./paper_files/figure-latex/four-athletes-kinematics-1.pdf> <./paper_fil
es/figure-latex/four-athletes-profile-1.pdf>]
LaTeX Font Info:    Trying to load font information for OML+pcr on input line 2
60.
(/Users/mladenjovanovic/Library/TinyTeX/texmf-dist/tex/latex/psnfss/omlpcr.fd
File: omlpcr.fd 
)
LaTeX Font Info:    Font shape `OML/pcr/m/n' in size <9> not available
(Font)              Font shape `OML/cmm/m/it' tried instead on input line 260.
LaTeX Font Info:    Font shape `OT1/pcr/m/it' in size <9> not available
(Font)              Font shape `OT1/pcr/m/sl' tried instead on input line 270.
LaTeX Font Info:    Font shape `OML/pcr/m/it' in size <9> not available
(Font)              Font shape `OML/cmm/m/it' tried instead on input line 270.
[4]
<paper_files/figure-latex/unnamed-chunk-2-1.pdf, id=244, 361.35pt x 222.8325pt>

File: paper_files/figure-latex/unnamed-chunk-2-1.pdf Graphic file (type pdf)
<use paper_files/figure-latex/unnamed-chunk-2-1.pdf>
Package pdftex.def Info: paper_files/figure-latex/unnamed-chunk-2-1.pdf  used o
n input line 302.
(pdftex.def)             Requested size: 373.61061pt x 230.39388pt.
LaTeX Font Info:    Font shape `OT1/phv/b/it' in size <9> not available
(Font)              Font shape `OT1/phv/b/sl' tried instead on input line 325.
[5 <./paper_files/figure-latex/unnamed-chunk-2-1.pdf>]
<paper_files/figure-latex/unnamed-chunk-7-1.pdf, id=271, 361.35pt x 222.8325pt>

File: paper_files/figure-latex/unnamed-chunk-7-1.pdf Graphic file (type pdf)
<use paper_files/figure-latex/unnamed-chunk-7-1.pdf>
Package pdftex.def Info: paper_files/figure-latex/unnamed-chunk-7-1.pdf  used o
n input line 417.
(pdftex.def)             Requested size: 373.61061pt x 230.39388pt.

Underfull \vbox (badness 10000) has occurred while \output is active []

[6] [7 <./paper_files/figure-latex/unnamed-chunk-7-1.pdf>] [8]
<paper_files/figure-latex/unnamed-chunk-11-1.pdf, id=304, 361.35pt x 222.8325pt
>
File: paper_files/figure-latex/unnamed-chunk-11-1.pdf Graphic file (type pdf)
<use paper_files/figure-latex/unnamed-chunk-11-1.pdf>
Package pdftex.def Info: paper_files/figure-latex/unnamed-chunk-11-1.pdf  used 
on input line 549.
(pdftex.def)             Requested size: 373.61061pt x 230.39388pt.
<paper_files/figure-latex/unnamed-chunk-12-1.pdf, id=305, 361.35pt x 222.8325pt
>
File: paper_files/figure-latex/unnamed-chunk-12-1.pdf Graphic file (type pdf)
<use paper_files/figure-latex/unnamed-chunk-12-1.pdf>
Package pdftex.def Info: paper_files/figure-latex/unnamed-chunk-12-1.pdf  used 
on input line 582.
(pdftex.def)             Requested size: 373.61061pt x 230.39388pt.
[9 <./paper_files/figure-latex/unnamed-chunk-11-1.pdf>] [10 <./paper_files/figu
re-latex/unnamed-chunk-12-1.pdf>]
<paper_files/figure-latex/unnamed-chunk-17-1.pdf, id=340, 361.35pt x 222.8325pt
>
File: paper_files/figure-latex/unnamed-chunk-17-1.pdf Graphic file (type pdf)
<use paper_files/figure-latex/unnamed-chunk-17-1.pdf>
Package pdftex.def Info: paper_files/figure-latex/unnamed-chunk-17-1.pdf  used 
on input line 694.
(pdftex.def)             Requested size: 373.61061pt x 230.39388pt.
[11 <./paper_files/figure-latex/unnamed-chunk-17-1.pdf>]
LaTeX Info: Symbol \textasciigrave not provided by
            font family pcr in TS1 encoding.
            Default family used instead on input line 725.
Package microtype Info: Loading generic protrusion settings for font family
(microtype)             `cmtt' (encoding: OT1).
(microtype)             For optimal results, create family-specific settings.
(microtype)             See the microtype manual for details.
LaTeX Font Info:    Trying to load font information for TS1+cmtt on input line 
725.
(/Users/mladenjovanovic/Library/TinyTeX/texmf-dist/tex/latex/base/ts1cmtt.fd
File: ts1cmtt.fd 2019/12/16 v2.5j Standard LaTeX font definitions
)
Package microtype Info: Loading generic protrusion settings for font family
(microtype)             `cmtt' (encoding: TS1).
(microtype)             For optimal results, create family-specific settings.
(microtype)             See the microtype manual for details.
LaTeX Info: Symbol \textasciigrave not provided by
            font family pcr in TS1 encoding.
            Default family used instead on input line 725.
LaTeX Info: Symbol \textasciigrave not provided by
            font family pcr in TS1 encoding.
            Default family used instead on input line 727.
LaTeX Info: Symbol \textasciigrave not provided by
            font family pcr in TS1 encoding.
            Default family used instead on input line 727.
LaTeX Info: Symbol \textasciigrave not provided by
            font family pcr in TS1 encoding.
            Default family used instead on input line 727.
LaTeX Info: Symbol \textasciigrave not provided by
            font family pcr in TS1 encoding.
            Default family used instead on input line 727.
LaTeX Info: Symbol \textasciigrave not provided by
            font family pcr in TS1 encoding.
            Default family used instead on input line 728.
LaTeX Info: Symbol \textasciigrave not provided by
            font family pcr in TS1 encoding.
            Default family used instead on input line 728.
LaTeX Info: Symbol \textasciigrave not provided by
            font family pcr in TS1 encoding.
            Default family used instead on input line 728.
LaTeX Info: Symbol \textasciigrave not provided by
            font family pcr in TS1 encoding.
            Default family used instead on input line 728.
LaTeX Info: Symbol \textasciigrave not provided by
            font family pcr in TS1 encoding.
            Default family used instead on input line 735.
LaTeX Info: Symbol \textasciigrave not provided by
            font family pcr in TS1 encoding.
            Default family used instead on input line 735.
<paper_files/figure-latex/unnamed-chunk-19-1.pdf, id=356, 361.35pt x 222.8325pt
>
File: paper_files/figure-latex/unnamed-chunk-19-1.pdf Graphic file (type pdf)
<use paper_files/figure-latex/unnamed-chunk-19-1.pdf>
Package pdftex.def Info: paper_files/figure-latex/unnamed-chunk-19-1.pdf  used 
on input line 748.
(pdftex.def)             Requested size: 373.61061pt x 230.39388pt.

Underfull \vbox (badness 10000) has occurred while \output is active []

[12]
LaTeX Info: Symbol \textasciigrave not provided by
            font family pcr in TS1 encoding.
            Default family used instead on input line 764.
LaTeX Info: Symbol \textasciigrave not provided by
            font family pcr in TS1 encoding.
            Default family used instead on input line 764.
LaTeX Info: Symbol \textasciigrave not provided by
            font family pcr in TS1 encoding.
            Default family used instead on input line 770.
LaTeX Info: Symbol \textasciigrave not provided by
            font family pcr in TS1 encoding.
            Default family used instead on input line 770.
LaTeX Info: Symbol \textasciigrave not provided by
            font family pcr in TS1 encoding.
            Default family used instead on input line 776.
LaTeX Info: Symbol \textasciigrave not provided by
            font family pcr in TS1 encoding.
            Default family used instead on input line 776.
[13 <./paper_files/figure-latex/unnamed-chunk-19-1.pdf>]
LaTeX Font Info:    Font shape `OT1/ptm/bx/n' in size <5> not available
(Font)              Font shape `OT1/ptm/b/n' tried instead on input line 798.
LaTeX Info: Symbol \textasciigrave not provided by
            font family pcr in TS1 encoding.
            Default family used instead on input line 825.
LaTeX Info: Symbol \textasciigrave not provided by
            font family pcr in TS1 encoding.
            Default family used instead on input line 825.
LaTeX Info: Symbol \textasciigrave not provided by
            font family pcr in TS1 encoding.
            Default family used instead on input line 836.
LaTeX Info: Symbol \textasciigrave not provided by
            font family pcr in TS1 encoding.
            Default family used instead on input line 836.
LaTeX Info: Symbol \textasciigrave not provided by
            font family pcr in TS1 encoding.
            Default family used instead on input line 856.
LaTeX Info: Symbol \textasciigrave not provided by
            font family pcr in TS1 encoding.
            Default family used instead on input line 856.
LaTeX Info: Symbol \textasciigrave not provided by
            font family pcr in TS1 encoding.
            Default family used instead on input line 864.
LaTeX Info: Symbol \textasciigrave not provided by
            font family pcr in TS1 encoding.
            Default family used instead on input line 864.
[14]
LaTeX Font Info:    Trying to load font information for TS1+pcr on input line 9
30.
(/Users/mladenjovanovic/Library/TinyTeX/texmf-dist/tex/latex/psnfss/ts1pcr.fd
File: ts1pcr.fd 2001/06/04 font definitions for TS1/pcr.
)
LaTeX Font Info:    Font shape `TS1/pcr/m/it' in size <9> not available
(Font)              Font shape `TS1/pcr/m/sl' tried instead on input line 930.
Package microtype Info: Loading generic protrusion settings for font family
(microtype)             `pcr' (encoding: TS1).
(microtype)             For optimal results, create family-specific settings.
(microtype)             See the microtype manual for details.
<paper_files/figure-latex/unnamed-chunk-25-1.pdf, id=403, 361.35pt x 222.8325pt
>
File: paper_files/figure-latex/unnamed-chunk-25-1.pdf Graphic file (type pdf)
<use paper_files/figure-latex/unnamed-chunk-25-1.pdf>
Package pdftex.def Info: paper_files/figure-latex/unnamed-chunk-25-1.pdf  used 
on input line 945.
(pdftex.def)             Requested size: 373.61061pt x 230.39388pt.

Underfull \vbox (badness 2512) has occurred while \output is active []

[15]
<paper_files/figure-latex/unnamed-chunk-29-1.pdf, id=417, 361.35pt x 222.8325pt
>
File: paper_files/figure-latex/unnamed-chunk-29-1.pdf Graphic file (type pdf)
<use paper_files/figure-latex/unnamed-chunk-29-1.pdf>
Package pdftex.def Info: paper_files/figure-latex/unnamed-chunk-29-1.pdf  used 
on input line 1000.
(pdftex.def)             Requested size: 373.61061pt x 230.39388pt.
[16 <./paper_files/figure-latex/unnamed-chunk-25-1.pdf>]
<paper_files/figure-latex/unnamed-chunk-30-1.pdf, id=429, 361.35pt x 222.8325pt
>
File: paper_files/figure-latex/unnamed-chunk-30-1.pdf Graphic file (type pdf)
<use paper_files/figure-latex/unnamed-chunk-30-1.pdf>
Package pdftex.def Info: paper_files/figure-latex/unnamed-chunk-30-1.pdf  used 
on input line 1010.
(pdftex.def)             Requested size: 373.61061pt x 230.39388pt.
<paper_files/figure-latex/unnamed-chunk-31-1.pdf, id=430, 361.35pt x 222.8325pt
>
File: paper_files/figure-latex/unnamed-chunk-31-1.pdf Graphic file (type pdf)
<use paper_files/figure-latex/unnamed-chunk-31-1.pdf>
Package pdftex.def Info: paper_files/figure-latex/unnamed-chunk-31-1.pdf  used 
on input line 1018.
(pdftex.def)             Requested size: 373.61061pt x 230.39388pt.

Underfull \vbox (badness 10000) has occurred while \output is active []

[17 <./paper_files/figure-latex/unnamed-chunk-29-1.pdf> <./paper_files/figure-l
atex/unnamed-chunk-30-1.pdf>] [18 <./paper_files/figure-latex/unnamed-chunk-31-
1.pdf>] [19] [20] [21]
<paper_files/figure-latex/unnamed-chunk-38-1.pdf, id=510, 361.35pt x 222.8325pt
>
File: paper_files/figure-latex/unnamed-chunk-38-1.pdf Graphic file (type pdf)
<use paper_files/figure-latex/unnamed-chunk-38-1.pdf>
Package pdftex.def Info: paper_files/figure-latex/unnamed-chunk-38-1.pdf  used 
on input line 1324.
(pdftex.def)             Requested size: 373.61061pt x 230.39388pt.

Underfull \vbox (badness 10000) has occurred while \output is active []

[22]
<paper_files/figure-latex/unnamed-chunk-39-1.pdf, id=516, 361.35pt x 222.8325pt
>
File: paper_files/figure-latex/unnamed-chunk-39-1.pdf Graphic file (type pdf)
<use paper_files/figure-latex/unnamed-chunk-39-1.pdf>
Package pdftex.def Info: paper_files/figure-latex/unnamed-chunk-39-1.pdf  used 
on input line 1358.
(pdftex.def)             Requested size: 373.61061pt x 230.39388pt.

Underfull \vbox (badness 10000) has occurred while \output is active []

[23 <./paper_files/figure-latex/unnamed-chunk-38-1.pdf>]
Underfull \hbox (badness 10000) in paragraph at lines 1364--1365
\OT1/ptm/m/n/10 (+20) in the mixed-models us-ing \OT1/pcr/l/it/10 mixed[]-model
[]-us-ing[]-splits[]-with[]-time[]-cor-rec-tion()\OT1/ptm/m/n/10 (+20) ,
 []


Underfull \hbox (badness 10000) in paragraph at lines 1364--1365
\OT1/pcr/l/it/10 mixed[]-model[]-us-ing[]-splits[]-with[]-dis-tance[]-cor-rec-t
ion()\OT1/ptm/m/n/10 (+20) , and \OT1/pcr/l/it/10 mixed[]-model[]-us-
 []

<paper_files/figure-latex/unnamed-chunk-41-1.pdf, id=534, 361.35pt x 222.8325pt
>
File: paper_files/figure-latex/unnamed-chunk-41-1.pdf Graphic file (type pdf)
<use paper_files/figure-latex/unnamed-chunk-41-1.pdf>
Package pdftex.def Info: paper_files/figure-latex/unnamed-chunk-41-1.pdf  used 
on input line 1393.
(pdftex.def)             Requested size: 373.61061pt x 230.39388pt.
[24 <./paper_files/figure-latex/unnamed-chunk-39-1.pdf>]
<paper_files/figure-latex/unnamed-chunk-42-1.pdf, id=555, 361.35pt x 222.8325pt
>
File: paper_files/figure-latex/unnamed-chunk-42-1.pdf Graphic file (type pdf)
<use paper_files/figure-latex/unnamed-chunk-42-1.pdf>
Package pdftex.def Info: paper_files/figure-latex/unnamed-chunk-42-1.pdf  used 
on input line 1401.
(pdftex.def)             Requested size: 373.61061pt x 230.39388pt.
[25 <./paper_files/figure-latex/unnamed-chunk-41-1.pdf> <./paper_files/figure-l
atex/unnamed-chunk-42-1.pdf>] [26] [27]
<paper_files/figure-latex/unnamed-chunk-47-1.pdf, id=591, 361.35pt x 222.8325pt
>
File: paper_files/figure-latex/unnamed-chunk-47-1.pdf Graphic file (type pdf)
<use paper_files/figure-latex/unnamed-chunk-47-1.pdf>
Package pdftex.def Info: paper_files/figure-latex/unnamed-chunk-47-1.pdf  used 
on input line 1602.
(pdftex.def)             Requested size: 373.61061pt x 230.39388pt.

Underfull \vbox (badness 10000) has occurred while \output is active []

[28]
<paper_files/figure-latex/unnamed-chunk-48-1.pdf, id=600, 361.35pt x 222.8325pt
>
File: paper_files/figure-latex/unnamed-chunk-48-1.pdf Graphic file (type pdf)
<use paper_files/figure-latex/unnamed-chunk-48-1.pdf>
Package pdftex.def Info: paper_files/figure-latex/unnamed-chunk-48-1.pdf  used 
on input line 1610.
(pdftex.def)             Requested size: 373.61061pt x 230.39388pt.
<paper_files/figure-latex/unnamed-chunk-49-1.pdf, id=602, 361.35pt x 222.8325pt
>
File: paper_files/figure-latex/unnamed-chunk-49-1.pdf Graphic file (type pdf)
<use paper_files/figure-latex/unnamed-chunk-49-1.pdf>
Package pdftex.def Info: paper_files/figure-latex/unnamed-chunk-49-1.pdf  used 
on input line 1618.
(pdftex.def)             Requested size: 373.61061pt x 230.39388pt.

Underfull \vbox (badness 10000) has occurred while \output is active []

[29 <./paper_files/figure-latex/unnamed-chunk-47-1.pdf> <./paper_files/figure-l
atex/unnamed-chunk-48-1.pdf>]
<paper_files/figure-latex/unnamed-chunk-50-1.pdf, id=618, 361.35pt x 222.8325pt
>
File: paper_files/figure-latex/unnamed-chunk-50-1.pdf Graphic file (type pdf)
<use paper_files/figure-latex/unnamed-chunk-50-1.pdf>
Package pdftex.def Info: paper_files/figure-latex/unnamed-chunk-50-1.pdf  used 
on input line 1626.
(pdftex.def)             Requested size: 373.61061pt x 230.39388pt.
[30 <./paper_files/figure-latex/unnamed-chunk-49-1.pdf> <./paper_files/figure-l
atex/unnamed-chunk-50-1.pdf>] [31]
Overfull \hbox (18.5743pt too wide) in paragraph at lines 1720--1722
\OT1/pcr/l/it/10 a-[]spreadsheet-[]for-[]sprint-[]acceleration-[]force-[]veloci
ty-[]power-[]profiling/$[]\OT1/ptm/m/n/10 (-20) . 
 []

[32] 
AED: lastpage setting LastPage
[33] (./paper.aux)

LaTeX Font Warning: Some font shapes were not available, defaults substituted.

Package rerunfilecheck Info: File `paper.out' has not changed.
(rerunfilecheck)             Checksum: F719DA459FC36EC5983D7CB5B710BF44;4573.
 ) 
Here is how much of TeX's memory you used:
 18370 strings out of 480477
 291948 string characters out of 5896912
 744075 words of memory out of 5000000
 35148 multiletter control sequences out of 15000+600000
 473219 words of font info for 370 fonts, out of 8000000 for 9000
 14 hyphenation exceptions out of 8191
 72i,12n,81p,1618b,436s stack positions out of 5000i,500n,10000p,200000b,80000s
 </Users/mladenjovanovic/Library/TinyTeX/texmf-var/fonts/pk/ljfour/jknappen/e
c/tctt0900.600pk>{/Users/mladenjovanovic/Library/TinyTeX/texmf-dist/fonts/enc/d
vips/base/8r.enc}</Users/mladenjovanovic/Library/TinyTeX/texmf-dist/fonts/type1
/public/amsfonts/cm/cmmi10.pfb></Users/mladenjovanovic/Library/TinyTeX/texmf-di
st/fonts/type1/public/amsfonts/cm/cmmi9.pfb></Users/mladenjovanovic/Library/Tin
yTeX/texmf-dist/fonts/type1/public/amsfonts/cm/cmr10.pfb></Users/mladenjovanovi
c/Library/TinyTeX/texmf-dist/fonts/type1/public/amsfonts/cm/cmsy10.pfb></Users/
mladenjovanovic/Library/TinyTeX/texmf-dist/fonts/type1/urw/courier/ucrr8a.pfb><
/Users/mladenjovanovic/Library/TinyTeX/texmf-dist/fonts/type1/urw/courier/ucrro
8a.pfb></Users/mladenjovanovic/Library/TinyTeX/texmf-dist/fonts/type1/urw/helve
tic/uhvb8a.pfb></Users/mladenjovanovic/Library/TinyTeX/texmf-dist/fonts/type1/u
rw/helvetic/uhvbo8a.pfb></Users/mladenjovanovic/Library/TinyTeX/texmf-dist/font
s/type1/urw/helvetic/uhvr8a.pfb></Users/mladenjovanovic/Library/TinyTeX/texmf-d
ist/fonts/type1/urw/times/utmb8a.pfb></Users/mladenjovanovic/Library/TinyTeX/te
xmf-dist/fonts/type1/urw/times/utmr8a.pfb></Users/mladenjovanovic/Library/TinyT
eX/texmf-dist/fonts/type1/urw/times/utmri8a.pfb>
Output written on paper.pdf (33 pages, 1003887 bytes).
PDF statistics:
 819 PDF objects out of 1000 (max. 8388607)
 709 compressed objects within 8 object streams
 145 named destinations out of 1000 (max. 500000)
 89357 words of extra memory for PDF output out of 106986 (max. 10000000)

