\BOOKMARK [1][-]{Section.0.Introduction.1}{Introduction}{}% 1
\BOOKMARK [1][-]{Section.1.Mathematical model.1}{Mathematical model}{}% 2
\BOOKMARK [1][-]{Section.2.Estimation using shorts package.1}{Estimation using shorts package}{}% 3
\BOOKMARK [2][-]{Subsection.3.0.Estimating short sprint parameters using split times.2}{Estimating short sprint parameters using split times}{Section.2.Estimation using shorts package.1}% 4
\BOOKMARK [3][-]{Subsubsection.3.1.0.Air resistance and the calculation of force and mechanical power.3}{Air resistance and the calculation of force and mechanical power}{Subsection.3.0.Estimating short sprint parameters using split times.2}% 5
\BOOKMARK [3][-]{Subsubsection.3.1.1.Utility functions.3}{Utility functions}{Subsection.3.0.Estimating short sprint parameters using split times.2}% 6
\BOOKMARK [3][-]{Subsubsection.3.1.2.Mixed-effects model.3}{Mixed-effects model}{Subsection.3.0.Estimating short sprint parameters using split times.2}% 7
\BOOKMARK [2][-]{Subsection.3.1.Estimating short sprint parameters using radar gun.2}{Estimating short sprint parameters using radar gun}{Section.2.Estimation using shorts package.1}% 8
\BOOKMARK [3][-]{Subsubsection.3.2.0.Mixed-effects model.3}{Mixed-effects model}{Subsection.3.1.Estimating short sprint parameters using radar gun.2}% 9
\BOOKMARK [2][-]{Subsection.3.2.Force-Velocity profile.2}{Force-Velocity profile}{Section.2.Estimation using shorts package.1}% 10
\BOOKMARK [1][-]{Section.3.Problems with estimation.1}{Problems with estimation}{}% 11
\BOOKMARK [2][-]{Subsection.4.0.Problems with time sync with radar gun.2}{Problems with time sync with radar gun}{Section.3.Problems with estimation.1}% 12
\BOOKMARK [3][-]{Subsubsection.4.1.0.Mixed-model approach.3}{Mixed-model approach}{Subsection.4.0.Problems with time sync with radar gun.2}% 13
\BOOKMARK [2][-]{Subsection.4.1.Problems at the start when using split times.2}{Problems at the start when using split times}{Section.3.Problems with estimation.1}% 14
\BOOKMARK [3][-]{Subsubsection.4.2.0.How to overcome missing the initial force production when using timing gates?.3}{How to overcome missing the initial force production when using timing gates?}{Subsection.4.1.Problems at the start when using split times.2}% 15
\BOOKMARK [3][-]{Subsubsection.4.2.1.Simulation of additional starting issues.3}{Simulation of additional starting issues}{Subsection.4.1.Problems at the start when using split times.2}% 16
\BOOKMARK [2][-]{Subsection.4.2.Should we add zero to the sample?.2}{Should we add zero to the sample?}{Section.3.Problems with estimation.1}% 17
\BOOKMARK [1][-]{Section.4.Leave-one-out Cross-Validation.1}{Leave-one-out Cross-Validation}{}% 18
\BOOKMARK [1][-]{Section.5.Example analysis.1}{Example analysis}{}% 19
\BOOKMARK [2][-]{Subsection.6.0.Usain Bolt's run from London 2017.2}{Usain Bolt's run from London 2017}{Section.5.Example analysis.1}% 20
\BOOKMARK [2][-]{Subsection.6.1.Vescovi data.2}{Vescovi data}{Section.5.Example analysis.1}% 21
