This is pdfTeX, Version 3.14159265-2.6-1.40.21 (TeX Live 2020) (preloaded format=pdflatex 2020.10.13)  15 OCT 2020 16:56
entering extended mode
 restricted \write18 enabled.
 %&-line parsing enabled.
**paper.tex
(./paper.tex
LaTeX2e <2020-10-01> patch level 1
L3 programming layer <2020-10-05> xparse <2020-03-03> (/Users/mladenjovanovic/L
ibrary/TinyTeX/texmf-dist/tex/latex/base/article.cls
Document Class: article 2020/04/10 v1.4m Standard LaTeX document class
(/Users/mladenjovanovic/Library/TinyTeX/texmf-dist/tex/latex/base/size10.clo
File: size10.clo 2020/04/10 v1.4m Standard LaTeX file (size option)
)
\c@part=\count175
\c@section=\count176
\c@subsection=\count177
\c@subsubsection=\count178
\c@paragraph=\count179
\c@subparagraph=\count180
\c@figure=\count181
\c@table=\count182
\abovecaptionskip=\skip47
\belowcaptionskip=\skip48
\bibindent=\dimen138
) (/Users/mladenjovanovic/Library/TinyTeX/texmf-dist/tex/latex/lm/lmodern.sty
Package: lmodern 2009/10/30 v1.6 Latin Modern Fonts
LaTeX Font Info:    Overwriting symbol font `operators' in version `normal'
(Font)                  OT1/cmr/m/n --> OT1/lmr/m/n on input line 22.
LaTeX Font Info:    Overwriting symbol font `letters' in version `normal'
(Font)                  OML/cmm/m/it --> OML/lmm/m/it on input line 23.
LaTeX Font Info:    Overwriting symbol font `symbols' in version `normal'
(Font)                  OMS/cmsy/m/n --> OMS/lmsy/m/n on input line 24.
LaTeX Font Info:    Overwriting symbol font `largesymbols' in version `normal'
(Font)                  OMX/cmex/m/n --> OMX/lmex/m/n on input line 25.
LaTeX Font Info:    Overwriting symbol font `operators' in version `bold'
(Font)                  OT1/cmr/bx/n --> OT1/lmr/bx/n on input line 26.
LaTeX Font Info:    Overwriting symbol font `letters' in version `bold'
(Font)                  OML/cmm/b/it --> OML/lmm/b/it on input line 27.
LaTeX Font Info:    Overwriting symbol font `symbols' in version `bold'
(Font)                  OMS/cmsy/b/n --> OMS/lmsy/b/n on input line 28.
LaTeX Font Info:    Overwriting symbol font `largesymbols' in version `bold'
(Font)                  OMX/cmex/m/n --> OMX/lmex/m/n on input line 29.
LaTeX Font Info:    Overwriting math alphabet `\mathbf' in version `normal'
(Font)                  OT1/cmr/bx/n --> OT1/lmr/bx/n on input line 31.
LaTeX Font Info:    Overwriting math alphabet `\mathsf' in version `normal'
(Font)                  OT1/cmss/m/n --> OT1/lmss/m/n on input line 32.
LaTeX Font Info:    Overwriting math alphabet `\mathit' in version `normal'
(Font)                  OT1/cmr/m/it --> OT1/lmr/m/it on input line 33.
LaTeX Font Info:    Overwriting math alphabet `\mathtt' in version `normal'
(Font)                  OT1/cmtt/m/n --> OT1/lmtt/m/n on input line 34.
LaTeX Font Info:    Overwriting math alphabet `\mathbf' in version `bold'
(Font)                  OT1/cmr/bx/n --> OT1/lmr/bx/n on input line 35.
LaTeX Font Info:    Overwriting math alphabet `\mathsf' in version `bold'
(Font)                  OT1/cmss/bx/n --> OT1/lmss/bx/n on input line 36.
LaTeX Font Info:    Overwriting math alphabet `\mathit' in version `bold'
(Font)                  OT1/cmr/bx/it --> OT1/lmr/bx/it on input line 37.
LaTeX Font Info:    Overwriting math alphabet `\mathtt' in version `bold'
(Font)                  OT1/cmtt/m/n --> OT1/lmtt/m/n on input line 38.
)
(/Users/mladenjovanovic/Library/TinyTeX/texmf-dist/tex/latex/amsfonts/amssymb.s
ty
Package: amssymb 2013/01/14 v3.01 AMS font symbols

(/Users/mladenjovanovic/Library/TinyTeX/texmf-dist/tex/latex/amsfonts/amsfonts.
sty
Package: amsfonts 2013/01/14 v3.01 Basic AMSFonts support
\@emptytoks=\toks15
\symAMSa=\mathgroup4
\symAMSb=\mathgroup5
LaTeX Font Info:    Redeclaring math symbol \hbar on input line 98.
LaTeX Font Info:    Overwriting math alphabet `\mathfrak' in version `bold'
(Font)                  U/euf/m/n --> U/euf/b/n on input line 106.
))
(/Users/mladenjovanovic/Library/TinyTeX/texmf-dist/tex/latex/amsmath/amsmath.st
y
Package: amsmath 2020/09/23 v2.17i AMS math features
\@mathmargin=\skip49
For additional information on amsmath, use the `?' option.

(/Users/mladenjovanovic/Library/TinyTeX/texmf-dist/tex/latex/amsmath/amstext.st
y
Package: amstext 2000/06/29 v2.01 AMS text

(/Users/mladenjovanovic/Library/TinyTeX/texmf-dist/tex/latex/amsmath/amsgen.sty
File: amsgen.sty 1999/11/30 v2.0 generic functions
\@emptytoks=\toks16
\ex@=\dimen139
))
(/Users/mladenjovanovic/Library/TinyTeX/texmf-dist/tex/latex/amsmath/amsbsy.sty
Package: amsbsy 1999/11/29 v1.2d Bold Symbols
\pmbraise@=\dimen140
)
(/Users/mladenjovanovic/Library/TinyTeX/texmf-dist/tex/latex/amsmath/amsopn.sty
Package: amsopn 2016/03/08 v2.02 operator names
)
\inf@bad=\count183
LaTeX Info: Redefining \frac on input line 234.
\uproot@=\count184
\leftroot@=\count185
LaTeX Info: Redefining \overline on input line 399.
\classnum@=\count186
\DOTSCASE@=\count187
LaTeX Info: Redefining \ldots on input line 496.
LaTeX Info: Redefining \dots on input line 499.
LaTeX Info: Redefining \cdots on input line 620.
\Mathstrutbox@=\box47
\strutbox@=\box48
\big@size=\dimen141
LaTeX Font Info:    Redeclaring font encoding OML on input line 743.
LaTeX Font Info:    Redeclaring font encoding OMS on input line 744.
\macc@depth=\count188
\c@MaxMatrixCols=\count189
\dotsspace@=\muskip16
\c@parentequation=\count190
\dspbrk@lvl=\count191
\tag@help=\toks17
\row@=\count192
\column@=\count193
\maxfields@=\count194
\andhelp@=\toks18
\eqnshift@=\dimen142
\alignsep@=\dimen143
\tagshift@=\dimen144
\tagwidth@=\dimen145
\totwidth@=\dimen146
\lineht@=\dimen147
\@envbody=\toks19
\multlinegap=\skip50
\multlinetaggap=\skip51
\mathdisplay@stack=\toks20
LaTeX Info: Redefining \[ on input line 2923.
LaTeX Info: Redefining \] on input line 2924.
)
(/Users/mladenjovanovic/Library/TinyTeX/texmf-dist/tex/generic/iftex/ifxetex.st
y
Package: ifxetex 2019/10/25 v0.7 ifxetex legacy package. Use iftex instead.
(/Users/mladenjovanovic/Library/TinyTeX/texmf-dist/tex/generic/iftex/iftex.sty
Package: iftex 2020/03/06 v1.0d TeX engine tests
))
(/Users/mladenjovanovic/Library/TinyTeX/texmf-dist/tex/generic/iftex/ifluatex.s
ty
Package: ifluatex 2019/10/25 v1.5 ifluatex legacy package. Use iftex instead.
) (/Users/mladenjovanovic/Library/TinyTeX/texmf-dist/tex/latex/base/fontenc.sty
Package: fontenc 2020/08/10 v2.0s Standard LaTeX package
LaTeX Font Info:    Trying to load font information for T1+lmr on input line 11
2.
(/Users/mladenjovanovic/Library/TinyTeX/texmf-dist/tex/latex/lm/t1lmr.fd
File: t1lmr.fd 2009/10/30 v1.6 Font defs for Latin Modern
)) (/Users/mladenjovanovic/Library/TinyTeX/texmf-dist/tex/latex/base/inputenc.s
ty
Package: inputenc 2020/08/01 v1.3d Input encoding file
\inpenc@prehook=\toks21
\inpenc@posthook=\toks22
) (/Users/mladenjovanovic/Library/TinyTeX/texmf-dist/tex/latex/base/textcomp.st
y
Package: textcomp 2020/02/02 v2.0n Standard LaTeX package
)
(/Users/mladenjovanovic/Library/TinyTeX/texmf-dist/tex/latex/upquote/upquote.st
y
Package: upquote 2012/04/19 v1.3 upright-quote and grave-accent glyphs in verba
tim
)
(/Users/mladenjovanovic/Library/TinyTeX/texmf-dist/tex/latex/microtype/microtyp
e.sty
Package: microtype 2019/11/18 v2.7d Micro-typographical refinements (RS)

(/Users/mladenjovanovic/Library/TinyTeX/texmf-dist/tex/latex/graphics/keyval.st
y
Package: keyval 2014/10/28 v1.15 key=value parser (DPC)
\KV@toks@=\toks23
)
\MT@toks=\toks24
\MT@count=\count195
LaTeX Info: Redefining \textls on input line 790.
\MT@outer@kern=\dimen148
LaTeX Info: Redefining \textmicrotypecontext on input line 1354.
\MT@listname@count=\count196

(/Users/mladenjovanovic/Library/TinyTeX/texmf-dist/tex/latex/microtype/microtyp
e-pdftex.def
File: microtype-pdftex.def 2019/11/18 v2.7d Definitions specific to pdftex (RS)

LaTeX Info: Redefining \lsstyle on input line 914.
LaTeX Info: Redefining \lslig on input line 914.
\MT@outer@space=\skip52
)
Package microtype Info: Loading configuration file microtype.cfg.

(/Users/mladenjovanovic/Library/TinyTeX/texmf-dist/tex/latex/microtype/microtyp
e.cfg
File: microtype.cfg 2019/11/18 v2.7d microtype main configuration file (RS)
)) (/Users/mladenjovanovic/Library/TinyTeX/texmf-dist/tex/latex/xcolor/xcolor.s
ty
Package: xcolor 2016/05/11 v2.12 LaTeX color extensions (UK)

(/Users/mladenjovanovic/Library/TinyTeX/texmf-dist/tex/latex/graphics-cfg/color
.cfg
File: color.cfg 2016/01/02 v1.6 sample color configuration
)
Package xcolor Info: Driver file: pdftex.def on input line 225.

(/Users/mladenjovanovic/Library/TinyTeX/texmf-dist/tex/latex/graphics-def/pdfte
x.def
File: pdftex.def 2020/10/05 v1.2a Graphics/color driver for pdftex
)
Package xcolor Info: Model `cmy' substituted by `cmy0' on input line 1348.
Package xcolor Info: Model `hsb' substituted by `rgb' on input line 1352.
Package xcolor Info: Model `RGB' extended on input line 1364.
Package xcolor Info: Model `HTML' substituted by `rgb' on input line 1366.
Package xcolor Info: Model `Hsb' substituted by `hsb' on input line 1367.
Package xcolor Info: Model `tHsb' substituted by `hsb' on input line 1368.
Package xcolor Info: Model `HSB' substituted by `hsb' on input line 1369.
Package xcolor Info: Model `Gray' substituted by `gray' on input line 1370.
Package xcolor Info: Model `wave' substituted by `hsb' on input line 1371.
)
(/Users/mladenjovanovic/Library/TinyTeX/texmf-dist/tex/latex/hyperref/hyperref.
sty
Package: hyperref 2020-05-15 v7.00e Hypertext links for LaTeX

(/Users/mladenjovanovic/Library/TinyTeX/texmf-dist/tex/generic/ltxcmds/ltxcmds.
sty
Package: ltxcmds 2020-05-10 v1.25 LaTeX kernel commands for general use (HO)
)
(/Users/mladenjovanovic/Library/TinyTeX/texmf-dist/tex/generic/pdftexcmds/pdfte
xcmds.sty
Package: pdftexcmds 2020-06-27 v0.33 Utility functions of pdfTeX for LuaTeX (HO
)

(/Users/mladenjovanovic/Library/TinyTeX/texmf-dist/tex/generic/infwarerr/infwar
err.sty
Package: infwarerr 2019/12/03 v1.5 Providing info/warning/error messages (HO)
)
Package pdftexcmds Info: \pdf@primitive is available.
Package pdftexcmds Info: \pdf@ifprimitive is available.
Package pdftexcmds Info: \pdfdraftmode found.
)
(/Users/mladenjovanovic/Library/TinyTeX/texmf-dist/tex/generic/kvsetkeys/kvsetk
eys.sty
Package: kvsetkeys 2019/12/15 v1.18 Key value parser (HO)
)
(/Users/mladenjovanovic/Library/TinyTeX/texmf-dist/tex/generic/kvdefinekeys/kvd
efinekeys.sty
Package: kvdefinekeys 2019-12-19 v1.6 Define keys (HO)
)
(/Users/mladenjovanovic/Library/TinyTeX/texmf-dist/tex/generic/pdfescape/pdfesc
ape.sty
Package: pdfescape 2019/12/09 v1.15 Implements pdfTeX's escape features (HO)
)
(/Users/mladenjovanovic/Library/TinyTeX/texmf-dist/tex/latex/hycolor/hycolor.st
y
Package: hycolor 2020-01-27 v1.10 Color options for hyperref/bookmark (HO)
)
(/Users/mladenjovanovic/Library/TinyTeX/texmf-dist/tex/latex/letltxmacro/letltx
macro.sty
Package: letltxmacro 2019/12/03 v1.6 Let assignment for LaTeX macros (HO)
)
(/Users/mladenjovanovic/Library/TinyTeX/texmf-dist/tex/latex/auxhook/auxhook.st
y
Package: auxhook 2019-12-17 v1.6 Hooks for auxiliary files (HO)
)
(/Users/mladenjovanovic/Library/TinyTeX/texmf-dist/tex/latex/kvoptions/kvoption
s.sty
Package: kvoptions 2020-10-07 v3.14 Key value format for package options (HO)
)
\@linkdim=\dimen149
\Hy@linkcounter=\count197
\Hy@pagecounter=\count198

(/Users/mladenjovanovic/Library/TinyTeX/texmf-dist/tex/latex/hyperref/pd1enc.de
f
File: pd1enc.def 2020-05-15 v7.00e Hyperref: PDFDocEncoding definition (HO)
Now handling font encoding PD1 ...
... no UTF-8 mapping file for font encoding PD1
)
(/Users/mladenjovanovic/Library/TinyTeX/texmf-dist/tex/generic/intcalc/intcalc.
sty
Package: intcalc 2019/12/15 v1.3 Expandable calculations with integers (HO)
)
(/Users/mladenjovanovic/Library/TinyTeX/texmf-dist/tex/generic/etexcmds/etexcmd
s.sty
Package: etexcmds 2019/12/15 v1.7 Avoid name clashes with e-TeX commands (HO)
)
\Hy@SavedSpaceFactor=\count199
Package hyperref Info: Option `unicode' set `true' on input line 4338.

(/Users/mladenjovanovic/Library/TinyTeX/texmf-dist/tex/latex/hyperref/puenc.def
File: puenc.def 2020-05-15 v7.00e Hyperref: PDF Unicode definition (HO)
Now handling font encoding PU ...
... no UTF-8 mapping file for font encoding PU
)
Package hyperref Info: Hyper figures OFF on input line 4464.
Package hyperref Info: Link nesting OFF on input line 4469.
Package hyperref Info: Hyper index ON on input line 4472.
Package hyperref Info: Plain pages OFF on input line 4479.
Package hyperref Info: Backreferencing OFF on input line 4484.
Package hyperref Info: Implicit mode ON; LaTeX internals redefined.
Package hyperref Info: Bookmarks ON on input line 4717.
\c@Hy@tempcnt=\count266
(/Users/mladenjovanovic/Library/TinyTeX/texmf-dist/tex/latex/url/url.sty
\Urlmuskip=\muskip17
Package: url 2013/09/16  ver 3.4  Verb mode for urls, etc.
)
LaTeX Info: Redefining \url on input line 5076.
\XeTeXLinkMargin=\dimen150

(/Users/mladenjovanovic/Library/TinyTeX/texmf-dist/tex/generic/bitset/bitset.st
y
Package: bitset 2019/12/09 v1.3 Handle bit-vector datatype (HO)

(/Users/mladenjovanovic/Library/TinyTeX/texmf-dist/tex/generic/bigintcalc/bigin
tcalc.sty
Package: bigintcalc 2019/12/15 v1.5 Expandable calculations on big integers (HO
)
))
\Fld@menulength=\count267
\Field@Width=\dimen151
\Fld@charsize=\dimen152
Package hyperref Info: Hyper figures OFF on input line 6347.
Package hyperref Info: Link nesting OFF on input line 6352.
Package hyperref Info: Hyper index ON on input line 6355.
Package hyperref Info: backreferencing OFF on input line 6362.
Package hyperref Info: Link coloring OFF on input line 6367.
Package hyperref Info: Link coloring with OCG OFF on input line 6372.
Package hyperref Info: PDF/A mode OFF on input line 6377.
LaTeX Info: Redefining \ref on input line 6417.
LaTeX Info: Redefining \pageref on input line 6421.

(/Users/mladenjovanovic/Library/TinyTeX/texmf-dist/tex/latex/base/atbegshi-ltx.
sty
Package: atbegshi-ltx 2020/08/17 v1.0a Emulation of the original atbegshi packa
ge
with kernel methods
)
\Hy@abspage=\count268
\c@Item=\count269
\c@Hfootnote=\count270
)
Package hyperref Info: Driver (autodetected): hpdftex.

(/Users/mladenjovanovic/Library/TinyTeX/texmf-dist/tex/latex/hyperref/hpdftex.d
ef
File: hpdftex.def 2020-05-15 v7.00e Hyperref driver for pdfTeX

(/Users/mladenjovanovic/Library/TinyTeX/texmf-dist/tex/latex/base/atveryend-ltx
.sty
Package: atveryend-ltx 2020/08/19 v1.0a Emulation of the original atvery packag
e
with kernel methods
)
\Fld@listcount=\count271
\c@bookmark@seq@number=\count272

(/Users/mladenjovanovic/Library/TinyTeX/texmf-dist/tex/latex/rerunfilecheck/rer
unfilecheck.sty
Package: rerunfilecheck 2019/12/05 v1.9 Rerun checks for auxiliary files (HO)

(/Users/mladenjovanovic/Library/TinyTeX/texmf-dist/tex/generic/uniquecounter/un
iquecounter.sty
Package: uniquecounter 2019/12/15 v1.4 Provide unlimited unique counter (HO)
)
Package uniquecounter Info: New unique counter `rerunfilecheck' on input line 2
86.
)
\Hy@SectionHShift=\skip53
)
(/Users/mladenjovanovic/Library/TinyTeX/texmf-dist/tex/latex/geometry/geometry.
sty
Package: geometry 2020/01/02 v5.9 Page Geometry

(/Users/mladenjovanovic/Library/TinyTeX/texmf-dist/tex/generic/iftex/ifvtex.sty
Package: ifvtex 2019/10/25 v1.7 ifvtex legacy package. Use iftex instead.
)
\Gm@cnth=\count273
\Gm@cntv=\count274
\c@Gm@tempcnt=\count275
\Gm@bindingoffset=\dimen153
\Gm@wd@mp=\dimen154
\Gm@odd@mp=\dimen155
\Gm@even@mp=\dimen156
\Gm@layoutwidth=\dimen157
\Gm@layoutheight=\dimen158
\Gm@layouthoffset=\dimen159
\Gm@layoutvoffset=\dimen160
\Gm@dimlist=\toks25
)
(/Users/mladenjovanovic/Library/TinyTeX/texmf-dist/tex/latex/fancyvrb/fancyvrb.
sty
Package: fancyvrb 2020/05/03 v3.6 verbatim text (tvz,hv)
\FV@CodeLineNo=\count276
\FV@InFile=\read2
\FV@TabBox=\box49
\c@FancyVerbLine=\count277
\FV@StepNumber=\count278
\FV@OutFile=\write3
) (/Users/mladenjovanovic/Library/TinyTeX/texmf-dist/tex/latex/framed/framed.st
y
Package: framed 2011/10/22 v 0.96: framed or shaded text with page breaks
\OuterFrameSep=\skip54
\fb@frw=\dimen161
\fb@frh=\dimen162
\FrameRule=\dimen163
\FrameSep=\dimen164
)
(/Users/mladenjovanovic/Library/TinyTeX/texmf-dist/tex/latex/tools/longtable.st
y
Package: longtable 2020/01/07 v4.13 Multi-page Table package (DPC)
\LTleft=\skip55
\LTright=\skip56
\LTpre=\skip57
\LTpost=\skip58
\LTchunksize=\count279
\LTcapwidth=\dimen165
\LT@head=\box50
\LT@firsthead=\box51
\LT@foot=\box52
\LT@lastfoot=\box53
\LT@cols=\count280
\LT@rows=\count281
\c@LT@tables=\count282
\c@LT@chunks=\count283
\LT@p@ftn=\toks26
)
(/Users/mladenjovanovic/Library/TinyTeX/texmf-dist/tex/latex/booktabs/booktabs.
sty
Package: booktabs 2020/01/12 v1.61803398 Publication quality tables
\heavyrulewidth=\dimen166
\lightrulewidth=\dimen167
\cmidrulewidth=\dimen168
\belowrulesep=\dimen169
\belowbottomsep=\dimen170
\aboverulesep=\dimen171
\abovetopsep=\dimen172
\cmidrulesep=\dimen173
\cmidrulekern=\dimen174
\defaultaddspace=\dimen175
\@cmidla=\count284
\@cmidlb=\count285
\@aboverulesep=\dimen176
\@belowrulesep=\dimen177
\@thisruleclass=\count286
\@lastruleclass=\count287
\@thisrulewidth=\dimen178
)
(/Users/mladenjovanovic/Library/TinyTeX/texmf-dist/tex/latex/etoolbox/etoolbox.
sty
Package: etoolbox 2020/10/05 v2.5k e-TeX tools for LaTeX (JAW)
\etb@tempcnta=\count288
)
(/Users/mladenjovanovic/Library/TinyTeX/texmf-dist/tex/latex/mdwtools/footnote.
sty
Package: footnote 1997/01/28 1.13 Save footnotes around boxes
\fn@notes=\box54
\fn@width=\dimen179
)
(/Users/mladenjovanovic/Library/TinyTeX/texmf-dist/tex/latex/graphics/graphicx.
sty
Package: graphicx 2020/09/09 v1.2b Enhanced LaTeX Graphics (DPC,SPQR)

(/Users/mladenjovanovic/Library/TinyTeX/texmf-dist/tex/latex/graphics/graphics.
sty
Package: graphics 2020/08/30 v1.4c Standard LaTeX Graphics (DPC,SPQR)
(/Users/mladenjovanovic/Library/TinyTeX/texmf-dist/tex/latex/graphics/trig.sty
Package: trig 2016/01/03 v1.10 sin cos tan (DPC)
)
(/Users/mladenjovanovic/Library/TinyTeX/texmf-dist/tex/latex/graphics-cfg/graph
ics.cfg
File: graphics.cfg 2016/06/04 v1.11 sample graphics configuration
)
Package graphics Info: Driver file: pdftex.def on input line 105.
)
\Gin@req@height=\dimen180
\Gin@req@width=\dimen181
)
\cslhangindent=\skip59

(/Users/mladenjovanovic/Library/TinyTeX/texmf-dist/tex/latex/l3backend/l3backen
d-pdftex.def
File: l3backend-pdftex.def 2020-09-24 L3 backend support: PDF output (pdfTeX)
\l__kernel_color_stack_int=\count289
\l__pdf_internal_box=\box55
) (./paper.aux)
\openout1 = `paper.aux'.

LaTeX Font Info:    Checking defaults for OML/cmm/m/it on input line 119.
LaTeX Font Info:    ... okay on input line 119.
LaTeX Font Info:    Checking defaults for OMS/cmsy/m/n on input line 119.
LaTeX Font Info:    ... okay on input line 119.
LaTeX Font Info:    Checking defaults for OT1/cmr/m/n on input line 119.
LaTeX Font Info:    ... okay on input line 119.
LaTeX Font Info:    Checking defaults for T1/cmr/m/n on input line 119.
LaTeX Font Info:    ... okay on input line 119.
LaTeX Font Info:    Checking defaults for TS1/cmr/m/n on input line 119.
LaTeX Font Info:    ... okay on input line 119.
LaTeX Font Info:    Checking defaults for OMX/cmex/m/n on input line 119.
LaTeX Font Info:    ... okay on input line 119.
LaTeX Font Info:    Checking defaults for U/cmr/m/n on input line 119.
LaTeX Font Info:    ... okay on input line 119.
LaTeX Font Info:    Checking defaults for PD1/pdf/m/n on input line 119.
LaTeX Font Info:    ... okay on input line 119.
LaTeX Font Info:    Checking defaults for PU/pdf/m/n on input line 119.
LaTeX Font Info:    ... okay on input line 119.
LaTeX Info: Redefining \microtypecontext on input line 119.
Package microtype Info: Generating PDF output.
Package microtype Info: Character protrusion enabled (level 2).
Package microtype Info: Using protrusion set `basicmath'.
Package microtype Info: Automatic font expansion enabled (level 2),
(microtype)             stretch: 20, shrink: 20, step: 1, non-selected.
Package microtype Info: Using default expansion set `basictext'.
LaTeX Info: Redefining \showhyphens on input line 119.
Package microtype Info: No adjustment of tracking.
Package microtype Info: No adjustment of interword spacing.
Package microtype Info: No adjustment of character kerning.

(/Users/mladenjovanovic/Library/TinyTeX/texmf-dist/tex/latex/microtype/mt-cmr.c
fg
File: mt-cmr.cfg 2013/05/19 v2.2 microtype config. file: Computer Modern Roman 
(RS)
)
(/Users/mladenjovanovic/Library/TinyTeX/texmf-dist/tex/context/base/mkii/supp-p
df.mkii
[Loading MPS to PDF converter (version 2006.09.02).]
\scratchcounter=\count290
\scratchdimen=\dimen182
\scratchbox=\box56
\nofMPsegments=\count291
\nofMParguments=\count292
\everyMPshowfont=\toks27
\MPscratchCnt=\count293
\MPscratchDim=\dimen183
\MPnumerator=\count294
\makeMPintoPDFobject=\count295
\everyMPtoPDFconversion=\toks28
)
(/Users/mladenjovanovic/Library/TinyTeX/texmf-dist/tex/latex/epstopdf-pkg/epsto
pdf-base.sty
Package: epstopdf-base 2020-01-24 v2.11 Base part for package epstopdf
Package epstopdf-base Info: Redefining graphics rule for `.eps' on input line 4
85.

(/Users/mladenjovanovic/Library/TinyTeX/texmf-dist/tex/latex/latexconfig/epstop
df-sys.cfg
File: epstopdf-sys.cfg 2010/07/13 v1.3 Configuration of (r)epstopdf for TeX Liv
e
))
Package hyperref Info: Link coloring OFF on input line 119.

(/Users/mladenjovanovic/Library/TinyTeX/texmf-dist/tex/latex/hyperref/nameref.s
ty
Package: nameref 2019/09/16 v2.46 Cross-referencing by name of section

(/Users/mladenjovanovic/Library/TinyTeX/texmf-dist/tex/latex/refcount/refcount.
sty
Package: refcount 2019/12/15 v3.6 Data extraction from label references (HO)
)
(/Users/mladenjovanovic/Library/TinyTeX/texmf-dist/tex/generic/gettitlestring/g
ettitlestring.sty
Package: gettitlestring 2019/12/15 v1.6 Cleanup title references (HO)
)
\c@section@level=\count296
)
LaTeX Info: Redefining \ref on input line 119.
LaTeX Info: Redefining \pageref on input line 119.
LaTeX Info: Redefining \nameref on input line 119.
(./paper.out) (./paper.out)
\@outlinefile=\write4
\openout4 = `paper.out'.

*geometry* driver: auto-detecting
*geometry* detected driver: pdftex
*geometry* verbose mode - [ preamble ] result:
* driver: pdftex
* paper: <default>
* layout: <same size as paper>
* layoutoffset:(h,v)=(0.0pt,0.0pt)
* modes: 
* h-part:(L,W,R)=(72.26999pt, 469.75502pt, 72.26999pt)
* v-part:(T,H,B)=(72.26999pt, 650.43001pt, 72.26999pt)
* \paperwidth=614.295pt
* \paperheight=794.96999pt
* \textwidth=469.75502pt
* \textheight=650.43001pt
* \oddsidemargin=0.0pt
* \evensidemargin=0.0pt
* \topmargin=-37.0pt
* \headheight=12.0pt
* \headsep=25.0pt
* \topskip=10.0pt
* \footskip=30.0pt
* \marginparwidth=65.0pt
* \marginparsep=11.0pt
* \columnsep=10.0pt
* \skip\footins=9.0pt plus 4.0pt minus 2.0pt
* \hoffset=0.0pt
* \voffset=0.0pt
* \mag=1000
* \@twocolumnfalse
* \@twosidefalse
* \@mparswitchfalse
* \@reversemarginfalse
* (1in=72.27pt=25.4mm, 1cm=28.453pt)

(./paper.toc
LaTeX Font Info:    Trying to load font information for T1+lmtt on input line 2
.
(/Users/mladenjovanovic/Library/TinyTeX/texmf-dist/tex/latex/lm/t1lmtt.fd
File: t1lmtt.fd 2009/10/30 v1.6 Font defs for Latin Modern
)
LaTeX Font Info:    Font shape `T1/lmtt/bx/n' in size <10> not available
(Font)              Font shape `T1/lmtt/b/n' tried instead on input line 2.
LaTeX Font Info:    Trying to load font information for OT1+lmr on input line 3
.
(/Users/mladenjovanovic/Library/TinyTeX/texmf-dist/tex/latex/lm/ot1lmr.fd
File: ot1lmr.fd 2009/10/30 v1.6 Font defs for Latin Modern
)
LaTeX Font Info:    Trying to load font information for OML+lmm on input line 3
.
(/Users/mladenjovanovic/Library/TinyTeX/texmf-dist/tex/latex/lm/omllmm.fd
File: omllmm.fd 2009/10/30 v1.6 Font defs for Latin Modern
)
LaTeX Font Info:    Trying to load font information for OMS+lmsy on input line 
3.
(/Users/mladenjovanovic/Library/TinyTeX/texmf-dist/tex/latex/lm/omslmsy.fd
File: omslmsy.fd 2009/10/30 v1.6 Font defs for Latin Modern
)
LaTeX Font Info:    Trying to load font information for OMX+lmex on input line 
3.
(/Users/mladenjovanovic/Library/TinyTeX/texmf-dist/tex/latex/lm/omxlmex.fd
File: omxlmex.fd 2009/10/30 v1.6 Font defs for Latin Modern
)
LaTeX Font Info:    External font `lmex10' loaded for size
(Font)              <10> on input line 3.
LaTeX Font Info:    External font `lmex10' loaded for size
(Font)              <7> on input line 3.
LaTeX Font Info:    External font `lmex10' loaded for size
(Font)              <5> on input line 3.
LaTeX Font Info:    Trying to load font information for U+msa on input line 3.
(/Users/mladenjovanovic/Library/TinyTeX/texmf-dist/tex/latex/amsfonts/umsa.fd
File: umsa.fd 2013/01/14 v3.01 AMS symbols A
)
(/Users/mladenjovanovic/Library/TinyTeX/texmf-dist/tex/latex/microtype/mt-msa.c
fg
File: mt-msa.cfg 2006/02/04 v1.1 microtype config. file: AMS symbols (a) (RS)
)
LaTeX Font Info:    Trying to load font information for U+msb on input line 3.
(/Users/mladenjovanovic/Library/TinyTeX/texmf-dist/tex/latex/amsfonts/umsb.fd
File: umsb.fd 2013/01/14 v3.01 AMS symbols B
)
(/Users/mladenjovanovic/Library/TinyTeX/texmf-dist/tex/latex/microtype/mt-msb.c
fg
File: mt-msb.cfg 2005/06/01 v1.0 microtype config. file: AMS symbols (b) (RS)
))
\tf@toc=\write5
\openout5 = `paper.toc'.

[1

{/Users/mladenjovanovic/Library/TinyTeX/texmf-var/fonts/map/pdftex/updmap/pdfte
x.map}]
<paper_files/figure-latex/four-athletes-kinematics-1.pdf, id=115, 433.62pt x 26
6.9975pt>
File: paper_files/figure-latex/four-athletes-kinematics-1.pdf Graphic file (typ
e pdf)
<use paper_files/figure-latex/four-athletes-kinematics-1.pdf>
Package pdftex.def Info: paper_files/figure-latex/four-athletes-kinematics-1.pd
f  used on input line 181.
(pdftex.def)             Requested size: 422.80096pt x 260.33575pt.
<paper_files/figure-latex/four-athletes-profile-1.pdf, id=117, 433.62pt x 266.9
975pt>
File: paper_files/figure-latex/four-athletes-profile-1.pdf Graphic file (type p
df)
<use paper_files/figure-latex/four-athletes-profile-1.pdf>
Package pdftex.def Info: paper_files/figure-latex/four-athletes-profile-1.pdf  
used on input line 192.
(pdftex.def)             Requested size: 422.80096pt x 260.33575pt.
LaTeX Font Info:    Font shape `T1/lmtt/bx/n' in size <14.4> not available
(Font)              Font shape `T1/lmtt/b/n' tried instead on input line 200.
[2 <./paper_files/figure-latex/four-athletes-kinematics-1.pdf>] [3 <./paper_fil
es/figure-latex/four-athletes-profile-1.pdf>]
LaTeX Font Info:    Trying to load font information for TS1+lmtt on input line 
264.
(/Users/mladenjovanovic/Library/TinyTeX/texmf-dist/tex/latex/lm/ts1lmtt.fd
File: ts1lmtt.fd 2009/10/30 v1.6 Font defs for Latin Modern
) [4]
<paper_files/figure-latex/unnamed-chunk-4-1.pdf, id=171, 433.62pt x 266.9975pt>

File: paper_files/figure-latex/unnamed-chunk-4-1.pdf Graphic file (type pdf)
<use paper_files/figure-latex/unnamed-chunk-4-1.pdf>
Package pdftex.def Info: paper_files/figure-latex/unnamed-chunk-4-1.pdf  used o
n input line 320.
(pdftex.def)             Requested size: 422.80096pt x 260.33575pt.
[5]
Overfull \hbox (50.68985pt too wide) in paragraph at lines 325--326
\T1/lmtt/m/n/10 shorts::predict_force_at_time \T1/lmr/m/n/10 (-20) func-tions),
 and later power pro-duc-tion (us-ing \T1/lmtt/m/n/10 shorts::predict_power_at_
distance
 []

[6 <./paper_files/figure-latex/unnamed-chunk-4-1.pdf>] [7]
<paper_files/figure-latex/unnamed-chunk-8-1.pdf, id=201, 433.62pt x 266.9975pt>

File: paper_files/figure-latex/unnamed-chunk-8-1.pdf Graphic file (type pdf)
<use paper_files/figure-latex/unnamed-chunk-8-1.pdf>
Package pdftex.def Info: paper_files/figure-latex/unnamed-chunk-8-1.pdf  used o
n input line 429.
(pdftex.def)             Requested size: 422.80096pt x 260.33575pt.
[8 <./paper_files/figure-latex/unnamed-chunk-8-1.pdf>] [9]
Overfull \vbox (1.52719pt too high) detected at line 584
 []

[10]
<paper_files/figure-latex/unnamed-chunk-12-1.pdf, id=230, 433.62pt x 266.9975pt
>
File: paper_files/figure-latex/unnamed-chunk-12-1.pdf Graphic file (type pdf)
<use paper_files/figure-latex/unnamed-chunk-12-1.pdf>
Package pdftex.def Info: paper_files/figure-latex/unnamed-chunk-12-1.pdf  used 
on input line 607.
(pdftex.def)             Requested size: 422.80096pt x 260.33575pt.
[11] [12 <./paper_files/figure-latex/unnamed-chunk-12-1.pdf>] [13] [14]
<paper_files/figure-latex/unnamed-chunk-17-1.pdf, id=263, 433.62pt x 266.9975pt
>
File: paper_files/figure-latex/unnamed-chunk-17-1.pdf Graphic file (type pdf)
<use paper_files/figure-latex/unnamed-chunk-17-1.pdf>
Package pdftex.def Info: paper_files/figure-latex/unnamed-chunk-17-1.pdf  used 
on input line 777.
(pdftex.def)             Requested size: 422.80096pt x 260.33575pt.
[15 <./paper_files/figure-latex/unnamed-chunk-17-1.pdf>] [16] [17]
Underfull \vbox (badness 10000) detected at line 978
 []


Underfull \vbox (badness 10000) detected at line 978
 []

[18] [19] [20] [21]
<paper_files/figure-latex/unnamed-chunk-26-1.pdf, id=307, 433.62pt x 266.9975pt
>
File: paper_files/figure-latex/unnamed-chunk-26-1.pdf Graphic file (type pdf)
<use paper_files/figure-latex/unnamed-chunk-26-1.pdf>
Package pdftex.def Info: paper_files/figure-latex/unnamed-chunk-26-1.pdf  used 
on input line 1166.
(pdftex.def)             Requested size: 422.80096pt x 260.33575pt.
[22 <./paper_files/figure-latex/unnamed-chunk-26-1.pdf>]
<paper_files/figure-latex/unnamed-chunk-27-1.pdf, id=320, 433.62pt x 266.9975pt
>
File: paper_files/figure-latex/unnamed-chunk-27-1.pdf Graphic file (type pdf)
<use paper_files/figure-latex/unnamed-chunk-27-1.pdf>
Package pdftex.def Info: paper_files/figure-latex/unnamed-chunk-27-1.pdf  used 
on input line 1183.
(pdftex.def)             Requested size: 422.80096pt x 260.33575pt.
<paper_files/figure-latex/unnamed-chunk-28-1.pdf, id=321, 433.62pt x 266.9975pt
>
File: paper_files/figure-latex/unnamed-chunk-28-1.pdf Graphic file (type pdf)
<use paper_files/figure-latex/unnamed-chunk-28-1.pdf>
Package pdftex.def Info: paper_files/figure-latex/unnamed-chunk-28-1.pdf  used 
on input line 1202.
(pdftex.def)             Requested size: 422.80096pt x 260.33575pt.
[23 <./paper_files/figure-latex/unnamed-chunk-27-1.pdf>]
<paper_files/figure-latex/unnamed-chunk-29-1.pdf, id=334, 433.62pt x 266.9975pt
>
File: paper_files/figure-latex/unnamed-chunk-29-1.pdf Graphic file (type pdf)
<use paper_files/figure-latex/unnamed-chunk-29-1.pdf>
Package pdftex.def Info: paper_files/figure-latex/unnamed-chunk-29-1.pdf  used 
on input line 1231.
(pdftex.def)             Requested size: 422.80096pt x 260.33575pt.
[24 <./paper_files/figure-latex/unnamed-chunk-28-1.pdf>]
<paper_files/figure-latex/unnamed-chunk-30-1.pdf, id=347, 433.62pt x 266.9975pt
>
File: paper_files/figure-latex/unnamed-chunk-30-1.pdf Graphic file (type pdf)
<use paper_files/figure-latex/unnamed-chunk-30-1.pdf>
Package pdftex.def Info: paper_files/figure-latex/unnamed-chunk-30-1.pdf  used 
on input line 1247.
(pdftex.def)             Requested size: 422.80096pt x 260.33575pt.
[25 <./paper_files/figure-latex/unnamed-chunk-29-1.pdf>]

LaTeX Warning: Reference `time-distance' on page 26 undefined on input line 125
6.

[26 <./paper_files/figure-latex/unnamed-chunk-30-1.pdf>]

LaTeX Warning: Reference `time-distance' on page 27 undefined on input line 130
7.

[27] [28] [29]
<paper_files/figure-latex/unnamed-chunk-34-1.pdf, id=391, 433.62pt x 266.9975pt
>
File: paper_files/figure-latex/unnamed-chunk-34-1.pdf Graphic file (type pdf)
<use paper_files/figure-latex/unnamed-chunk-34-1.pdf>
Package pdftex.def Info: paper_files/figure-latex/unnamed-chunk-34-1.pdf  used 
on input line 1469.
(pdftex.def)             Requested size: 422.80096pt x 260.33575pt.
[30 <./paper_files/figure-latex/unnamed-chunk-34-1.pdf>]
<paper_files/figure-latex/unnamed-chunk-35-1.pdf, id=404, 433.62pt x 266.9975pt
>
File: paper_files/figure-latex/unnamed-chunk-35-1.pdf Graphic file (type pdf)
<use paper_files/figure-latex/unnamed-chunk-35-1.pdf>
Package pdftex.def Info: paper_files/figure-latex/unnamed-chunk-35-1.pdf  used 
on input line 1486.
(pdftex.def)             Requested size: 422.80096pt x 260.33575pt.
<paper_files/figure-latex/unnamed-chunk-36-1.pdf, id=405, 433.62pt x 266.9975pt
>
File: paper_files/figure-latex/unnamed-chunk-36-1.pdf Graphic file (type pdf)
<use paper_files/figure-latex/unnamed-chunk-36-1.pdf>
Package pdftex.def Info: paper_files/figure-latex/unnamed-chunk-36-1.pdf  used 
on input line 1503.
(pdftex.def)             Requested size: 422.80096pt x 260.33575pt.
[31 <./paper_files/figure-latex/unnamed-chunk-35-1.pdf>]
<paper_files/figure-latex/unnamed-chunk-37-1.pdf, id=419, 433.62pt x 266.9975pt
>
File: paper_files/figure-latex/unnamed-chunk-37-1.pdf Graphic file (type pdf)
<use paper_files/figure-latex/unnamed-chunk-37-1.pdf>
Package pdftex.def Info: paper_files/figure-latex/unnamed-chunk-37-1.pdf  used 
on input line 1521.
(pdftex.def)             Requested size: 422.80096pt x 260.33575pt.
[32 <./paper_files/figure-latex/unnamed-chunk-36-1.pdf>]
<paper_files/figure-latex/unnamed-chunk-38-1.pdf, id=433, 433.62pt x 266.9975pt
>
File: paper_files/figure-latex/unnamed-chunk-38-1.pdf Graphic file (type pdf)
<use paper_files/figure-latex/unnamed-chunk-38-1.pdf>
Package pdftex.def Info: paper_files/figure-latex/unnamed-chunk-38-1.pdf  used 
on input line 1539.
(pdftex.def)             Requested size: 422.80096pt x 260.33575pt.
[33 <./paper_files/figure-latex/unnamed-chunk-37-1.pdf>]
<paper_files/figure-latex/unnamed-chunk-39-1.pdf, id=446, 433.62pt x 266.9975pt
>
File: paper_files/figure-latex/unnamed-chunk-39-1.pdf Graphic file (type pdf)
<use paper_files/figure-latex/unnamed-chunk-39-1.pdf>
Package pdftex.def Info: paper_files/figure-latex/unnamed-chunk-39-1.pdf  used 
on input line 1566.
(pdftex.def)             Requested size: 422.80096pt x 260.33575pt.
[34 <./paper_files/figure-latex/unnamed-chunk-38-1.pdf>]
Overfull \hbox (86.7588pt too wide) in paragraph at lines 1570--1571
\T1/lmtt/m/n/10 shorts::mixed_model_using_splits_with_time_correction \T1/lmr/m
/n/10 (-20) and \T1/lmtt/m/n/10 shorts::mixed_model_using_splits_with_correctio
ns\T1/lmr/m/n/10 (-20) .
 []

[35 <./paper_files/figure-latex/unnamed-chunk-39-1.pdf>] [36]
<paper_files/figure-latex/unnamed-chunk-42-1.pdf, id=480, 433.62pt x 266.9975pt
>
File: paper_files/figure-latex/unnamed-chunk-42-1.pdf Graphic file (type pdf)
<use paper_files/figure-latex/unnamed-chunk-42-1.pdf>
Package pdftex.def Info: paper_files/figure-latex/unnamed-chunk-42-1.pdf  used 
on input line 1660.
(pdftex.def)             Requested size: 422.80096pt x 260.33575pt.
<paper_files/figure-latex/unnamed-chunk-43-1.pdf, id=481, 433.62pt x 266.9975pt
>
File: paper_files/figure-latex/unnamed-chunk-43-1.pdf Graphic file (type pdf)
<use paper_files/figure-latex/unnamed-chunk-43-1.pdf>
Package pdftex.def Info: paper_files/figure-latex/unnamed-chunk-43-1.pdf  used 
on input line 1677.
(pdftex.def)             Requested size: 422.80096pt x 260.33575pt.
[37 <./paper_files/figure-latex/unnamed-chunk-42-1.pdf>]
<paper_files/figure-latex/unnamed-chunk-44-1.pdf, id=495, 433.62pt x 266.9975pt
>
File: paper_files/figure-latex/unnamed-chunk-44-1.pdf Graphic file (type pdf)
<use paper_files/figure-latex/unnamed-chunk-44-1.pdf>
Package pdftex.def Info: paper_files/figure-latex/unnamed-chunk-44-1.pdf  used 
on input line 1695.
(pdftex.def)             Requested size: 422.80096pt x 260.33575pt.
[38 <./paper_files/figure-latex/unnamed-chunk-43-1.pdf>]
<paper_files/figure-latex/unnamed-chunk-45-1.pdf, id=508, 433.62pt x 266.9975pt
>
File: paper_files/figure-latex/unnamed-chunk-45-1.pdf Graphic file (type pdf)
<use paper_files/figure-latex/unnamed-chunk-45-1.pdf>
Package pdftex.def Info: paper_files/figure-latex/unnamed-chunk-45-1.pdf  used 
on input line 1712.
(pdftex.def)             Requested size: 422.80096pt x 260.33575pt.
[39 <./paper_files/figure-latex/unnamed-chunk-44-1.pdf>]
<paper_files/figure-latex/unnamed-chunk-46-1.pdf, id=521, 433.62pt x 266.9975pt
>
File: paper_files/figure-latex/unnamed-chunk-46-1.pdf Graphic file (type pdf)
<use paper_files/figure-latex/unnamed-chunk-46-1.pdf>
Package pdftex.def Info: paper_files/figure-latex/unnamed-chunk-46-1.pdf  used 
on input line 1739.
(pdftex.def)             Requested size: 422.80096pt x 260.33575pt.
[40 <./paper_files/figure-latex/unnamed-chunk-45-1.pdf>] [41 <./paper_files/fig
ure-latex/unnamed-chunk-46-1.pdf>]
<paper_files/figure-latex/unnamed-chunk-49-1.pdf, id=549, 433.62pt x 266.9975pt
>
File: paper_files/figure-latex/unnamed-chunk-49-1.pdf Graphic file (type pdf)
<use paper_files/figure-latex/unnamed-chunk-49-1.pdf>
Package pdftex.def Info: paper_files/figure-latex/unnamed-chunk-49-1.pdf  used 
on input line 1825.
(pdftex.def)             Requested size: 422.80096pt x 260.33575pt.
[42]
<paper_files/figure-latex/unnamed-chunk-50-1.pdf, id=554, 433.62pt x 266.9975pt
>
File: paper_files/figure-latex/unnamed-chunk-50-1.pdf Graphic file (type pdf)
<use paper_files/figure-latex/unnamed-chunk-50-1.pdf>
Package pdftex.def Info: paper_files/figure-latex/unnamed-chunk-50-1.pdf  used 
on input line 1842.
(pdftex.def)             Requested size: 422.80096pt x 260.33575pt.
[43 <./paper_files/figure-latex/unnamed-chunk-49-1.pdf>]
<paper_files/figure-latex/unnamed-chunk-51-1.pdf, id=569, 433.62pt x 266.9975pt
>
File: paper_files/figure-latex/unnamed-chunk-51-1.pdf Graphic file (type pdf)
<use paper_files/figure-latex/unnamed-chunk-51-1.pdf>
Package pdftex.def Info: paper_files/figure-latex/unnamed-chunk-51-1.pdf  used 
on input line 1859.
(pdftex.def)             Requested size: 422.80096pt x 260.33575pt.
[44 <./paper_files/figure-latex/unnamed-chunk-50-1.pdf>]
<paper_files/figure-latex/unnamed-chunk-52-1.pdf, id=582, 433.62pt x 266.9975pt
>
File: paper_files/figure-latex/unnamed-chunk-52-1.pdf Graphic file (type pdf)
<use paper_files/figure-latex/unnamed-chunk-52-1.pdf>
Package pdftex.def Info: paper_files/figure-latex/unnamed-chunk-52-1.pdf  used 
on input line 1875.
(pdftex.def)             Requested size: 422.80096pt x 260.33575pt.
[45 <./paper_files/figure-latex/unnamed-chunk-51-1.pdf>]
<paper_files/figure-latex/unnamed-chunk-53-1.pdf, id=595, 433.62pt x 266.9975pt
>
File: paper_files/figure-latex/unnamed-chunk-53-1.pdf Graphic file (type pdf)
<use paper_files/figure-latex/unnamed-chunk-53-1.pdf>
Package pdftex.def Info: paper_files/figure-latex/unnamed-chunk-53-1.pdf  used 
on input line 1902.
(pdftex.def)             Requested size: 422.80096pt x 260.33575pt.
[46 <./paper_files/figure-latex/unnamed-chunk-52-1.pdf>] [47 <./paper_files/fig
ure-latex/unnamed-chunk-53-1.pdf>]
<paper_files/figure-latex/unnamed-chunk-55-1.pdf, id=628, 433.62pt x 266.9975pt
>
File: paper_files/figure-latex/unnamed-chunk-55-1.pdf Graphic file (type pdf)
<use paper_files/figure-latex/unnamed-chunk-55-1.pdf>
Package pdftex.def Info: paper_files/figure-latex/unnamed-chunk-55-1.pdf  used 
on input line 1990.
(pdftex.def)             Requested size: 422.80096pt x 260.33575pt.
[48]
<paper_files/figure-latex/unnamed-chunk-56-1.pdf, id=633, 433.62pt x 266.9975pt
>
File: paper_files/figure-latex/unnamed-chunk-56-1.pdf Graphic file (type pdf)
<use paper_files/figure-latex/unnamed-chunk-56-1.pdf>
Package pdftex.def Info: paper_files/figure-latex/unnamed-chunk-56-1.pdf  used 
on input line 2018.
(pdftex.def)             Requested size: 422.80096pt x 260.33575pt.
[49 <./paper_files/figure-latex/unnamed-chunk-55-1.pdf>] [50 <./paper_files/fig
ure-latex/unnamed-chunk-56-1.pdf>]
Underfull \vbox (badness 10000) detected at line 2125
 []


Underfull \vbox (badness 10000) detected at line 2125
 []

[51]
LaTeX Font Info:    Trying to load font information for TS1+lmr on input line 2
130.
(/Users/mladenjovanovic/Library/TinyTeX/texmf-dist/tex/latex/lm/ts1lmr.fd
File: ts1lmr.fd 2009/10/30 v1.6 Font defs for Latin Modern
) [52] [53] [54]
<paper_files/figure-latex/unnamed-chunk-60-1.pdf, id=681, 433.62pt x 266.9975pt
>
File: paper_files/figure-latex/unnamed-chunk-60-1.pdf Graphic file (type pdf)
<use paper_files/figure-latex/unnamed-chunk-60-1.pdf>
Package pdftex.def Info: paper_files/figure-latex/unnamed-chunk-60-1.pdf  used 
on input line 2266.
(pdftex.def)             Requested size: 422.80096pt x 260.33575pt.
[55 <./paper_files/figure-latex/unnamed-chunk-60-1.pdf>]
<paper_files/figure-latex/unnamed-chunk-61-1.pdf, id=692, 433.62pt x 266.9975pt
>
File: paper_files/figure-latex/unnamed-chunk-61-1.pdf Graphic file (type pdf)
<use paper_files/figure-latex/unnamed-chunk-61-1.pdf>
Package pdftex.def Info: paper_files/figure-latex/unnamed-chunk-61-1.pdf  used 
on input line 2335.
(pdftex.def)             Requested size: 422.80096pt x 260.33575pt.
[56] [57 <./paper_files/figure-latex/unnamed-chunk-61-1.pdf>]
<paper_files/figure-latex/unnamed-chunk-62-1.pdf, id=708, 433.62pt x 266.9975pt
>
File: paper_files/figure-latex/unnamed-chunk-62-1.pdf Graphic file (type pdf)
<use paper_files/figure-latex/unnamed-chunk-62-1.pdf>
Package pdftex.def Info: paper_files/figure-latex/unnamed-chunk-62-1.pdf  used 
on input line 2419.
(pdftex.def)             Requested size: 422.80096pt x 260.33575pt.
[58]
<paper_files/figure-latex/unnamed-chunk-63-1.pdf, id=713, 433.62pt x 266.9975pt
>
File: paper_files/figure-latex/unnamed-chunk-63-1.pdf Graphic file (type pdf)
<use paper_files/figure-latex/unnamed-chunk-63-1.pdf>
Package pdftex.def Info: paper_files/figure-latex/unnamed-chunk-63-1.pdf  used 
on input line 2455.
(pdftex.def)             Requested size: 422.80096pt x 260.33575pt.
[59 <./paper_files/figure-latex/unnamed-chunk-62-1.pdf>] [60 <./paper_files/fig
ure-latex/unnamed-chunk-63-1.pdf>] [61] [62] (./paper.aux)
Package rerunfilecheck Info: File `paper.out' has not changed.
(rerunfilecheck)             Checksum: FF160E58767377BDB23B7B52F7081C06;2478.

LaTeX Warning: There were undefined references.

 ) 
Here is how much of TeX's memory you used:
 13783 strings out of 481861
 213986 string characters out of 5929302
 534145 words of memory out of 5000000
 29569 multiletter control sequences out of 15000+600000
 578057 words of font info for 123 fonts, out of 8000000 for 9000
 14 hyphenation exceptions out of 8191
 60i,8n,66p,1295b,402s stack positions out of 5000i,500n,10000p,200000b,80000s
{/Users/mladenjovanovic/Library/TinyTeX/texmf-dist/fonts/enc/dvips/lm/lm-ts1.
enc}{/Users/mladenjovanovic/Library/TinyTeX/texmf-dist/fonts/enc/dvips/lm/lm-rm
.enc}{/Users/mladenjovanovic/Library/TinyTeX/texmf-dist/fonts/enc/dvips/lm/lm-m
athit.enc}{/Users/mladenjovanovic/Library/TinyTeX/texmf-dist/fonts/enc/dvips/lm
/lm-ec.enc}{/Users/mladenjovanovic/Library/TinyTeX/texmf-dist/fonts/enc/dvips/l
m/lm-mathsy.enc}</Users/mladenjovanovic/Library/TinyTeX/texmf-dist/fonts/type1/
public/lm/lmbx10.pfb></Users/mladenjovanovic/Library/TinyTeX/texmf-dist/fonts/t
ype1/public/lm/lmbx12.pfb></Users/mladenjovanovic/Library/TinyTeX/texmf-dist/fo
nts/type1/public/lm/lmmi10.pfb></Users/mladenjovanovic/Library/TinyTeX/texmf-di
st/fonts/type1/public/lm/lmmi5.pfb></Users/mladenjovanovic/Library/TinyTeX/texm
f-dist/fonts/type1/public/lm/lmmi7.pfb></Users/mladenjovanovic/Library/TinyTeX/
texmf-dist/fonts/type1/public/lm/lmr10.pfb></Users/mladenjovanovic/Library/Tiny
TeX/texmf-dist/fonts/type1/public/lm/lmr5.pfb></Users/mladenjovanovic/Library/T
inyTeX/texmf-dist/fonts/type1/public/lm/lmr7.pfb></Users/mladenjovanovic/Librar
y/TinyTeX/texmf-dist/fonts/type1/public/lm/lmri10.pfb></Users/mladenjovanovic/L
ibrary/TinyTeX/texmf-dist/fonts/type1/public/lm/lmsy10.pfb></Users/mladenjovano
vic/Library/TinyTeX/texmf-dist/fonts/type1/public/lm/lmsy5.pfb></Users/mladenjo
vanovic/Library/TinyTeX/texmf-dist/fonts/type1/public/lm/lmsy7.pfb></Users/mlad
enjovanovic/Library/TinyTeX/texmf-dist/fonts/type1/public/lm/lmtk10.pfb></Users
/mladenjovanovic/Library/TinyTeX/texmf-dist/fonts/type1/public/lm/lmtt10.pfb></
Users/mladenjovanovic/Library/TinyTeX/texmf-dist/fonts/type1/public/lm/lmtti10.
pfb>
Output written on paper.pdf (62 pages, 1273806 bytes).
PDF statistics:
 870 PDF objects out of 1000 (max. 8388607)
 712 compressed objects within 8 object streams
 145 named destinations out of 1000 (max. 500000)
 8454 words of extra memory for PDF output out of 10000 (max. 10000000)

